This file contains any messages produced by compilers while
running configure, to aid debugging if configure makes a mistake.

It was created by configure, which was
generated by GNU Autoconf 2.52.20210509.  Invocation command line was

  $ ./configure 

## ---------- ##
## Platform.  ##
## ---------- ##

hostname = DESKTOP-RMPL6GF
uname -m = x86_64
uname -r = 4.4.0-19041-Microsoft
uname -s = Linux
uname -v = #1237-Microsoft Sat Sep 11 14:32:00 PST 2021

/usr/bin/uname -p = x86_64
/bin/uname -X     = unknown

/bin/arch              = x86_64
/usr/bin/arch -k       = unknown
/usr/convex/getsysinfo = unknown
hostinfo               = unknown
/bin/machine           = unknown
/usr/bin/oslevel       = unknown
/bin/universe          = unknown

PATH = /home/sindre/.local/bin:/usr/local/sbin:/usr/local/bin:/usr/sbin:/usr/bin:/sbin:/bin:/usr/games:/usr/local/games:/mnt/c/Program Files/WindowsApps/CanonicalGroupLimited.UbuntuonWindows_2004.2021.825.0_x64__79rhkp1fndgsc:/mnt/c/Program Files/Common Files/Oracle/Java/javapath:/mnt/c/Program Files (x86)/Intel/Intel(R) Management Engine Components/iCLS/:/mnt/c/Program Files/Intel/Intel(R) Management Engine Components/iCLS/:/mnt/c/WINDOWS/system32:/mnt/c/WINDOWS:/mnt/c/WINDOWS/System32/Wbem:/mnt/c/WINDOWS/System32/WindowsPowerShell/v1.0/:/mnt/c/WINDOWS/System32/OpenSSH/:/mnt/c/Program Files (x86)/Intel/Intel(R) Management Engine Components/DAL:/mnt/c/Program Files/Intel/Intel(R) Management Engine Components/DAL:/mnt/c/Program Files (x86)/Intel/Intel(R) Management Engine Components/IPT:/mnt/c/Program Files/Intel/Intel(R) Management Engine Components/IPT:/mnt/c/Program Files/dotnet/:/mnt/c/Program Files/Git/cmd:/mnt/c/Program Files (x86)/mingw-w64/i686-8.1.0-posix-dwarf-rt_v6-rev0/mingw32/bin:/mnt/c/Users/Sindre/AppData/Local/Microsoft/WindowsApps:/mnt/c/Users/Sindre/AppData/Local/bin/NASM:/mnt/c/Users/Sindre/AppData/Local/Packages/PythonSoftwareFoundation.Python.3.9_qbz5n2kfra8p0/LocalCache/local-packages/Python39/Scripts:/snap/bin

## ------------ ##
## Core tests.  ##
## ------------ ##

configure:1170: PATH=".;."; conftest.sh
./configure: 1171: conftest.sh: not found
configure:1173: $? = 127
configure:1190: checking for ggrep
configure:1216: result: no
configure:1190: checking for grep
configure:1205: found /usr/bin/grep
configure:1213: result: grep
configure:1224: checking for egrep
configure:1280: result: grep -E
configure:1290: result: Configuring NCURSES 6.3 ABI 6 (Sun Nov 14 13:16:13 CET 2021)
configure:1294: checking for package version
configure:1315: result: 6.3
configure:1318: checking for package patch date
configure:1335: result: 20211106
configure:1346: testing ABI VERSION 5:0:10 ...
configure:1350: testing VERSION_MAJOR 6 ...
configure:1354: testing VERSION_MINOR 3 ...
configure:1358: testing VERSION_PATCH 20211106 ...
configure:1500: checking build system type
configure:1518: result: x86_64-pc-linux-gnu
configure:1525: checking host system type
configure:1539: result: x86_64-pc-linux-gnu
configure:1547: checking target system type
configure:1561: result: x86_64-pc-linux-gnu
configure:1593: result: Configuring for linux-gnu
configure:1618: checking for fgrep
configure:1674: result: grep -F
configure:1678: checking for prefix
configure:1690: result: /usr
configure:1819: checking for gnatgcc
configure:1845: result: no
configure:1819: checking for gcc
configure:1834: found /usr/bin/gcc
configure:1842: result: gcc
configure:1860: checking for C compiler version
configure:1863: gcc --version </dev/null >&5
gcc (Ubuntu 9.3.0-17ubuntu1~20.04) 9.3.0
Copyright (C) 2019 Free Software Foundation, Inc.
This is free software; see the source for copying conditions.  There is NO
warranty; not even for MERCHANTABILITY or FITNESS FOR A PARTICULAR PURPOSE.

configure:1866: $? = 0
configure:1868: gcc -v </dev/null >&5
Using built-in specs.
COLLECT_GCC=gcc
COLLECT_LTO_WRAPPER=/usr/lib/gcc/x86_64-linux-gnu/9/lto-wrapper
OFFLOAD_TARGET_NAMES=nvptx-none:hsa
OFFLOAD_TARGET_DEFAULT=1
Target: x86_64-linux-gnu
Configured with: ../src/configure -v --with-pkgversion='Ubuntu 9.3.0-17ubuntu1~20.04' --with-bugurl=file:///usr/share/doc/gcc-9/README.Bugs --enable-languages=c,ada,c++,go,brig,d,fortran,objc,obj-c++,gm2 --prefix=/usr --with-gcc-major-version-only --program-suffix=-9 --program-prefix=x86_64-linux-gnu- --enable-shared --enable-linker-build-id --libexecdir=/usr/lib --without-included-gettext --enable-threads=posix --libdir=/usr/lib --enable-nls --enable-clocale=gnu --enable-libstdcxx-debug --enable-libstdcxx-time=yes --with-default-libstdcxx-abi=new --enable-gnu-unique-object --disable-vtable-verify --enable-plugin --enable-default-pie --with-system-zlib --with-target-system-zlib=auto --enable-objc-gc=auto --enable-multiarch --disable-werror --with-arch-32=i686 --with-abi=m64 --with-multilib-list=m32,m64,mx32 --enable-multilib --with-tune=generic --enable-offload-targets=nvptx-none=/build/gcc-9-HskZEa/gcc-9-9.3.0/debian/tmp-nvptx/usr,hsa --without-cuda-driver --enable-checking=release --build=x86_64-linux-gnu --host=x86_64-linux-gnu --target=x86_64-linux-gnu
Thread model: posix
gcc version 9.3.0 (Ubuntu 9.3.0-17ubuntu1~20.04) 
configure:1871: $? = 0
configure:1873: gcc -V </dev/null >&5
gcc: error: unrecognized command line option '-V'
gcc: fatal error: no input files
compilation terminated.
configure:1876: $? = 1
configure:1896: checking for C compiler default output
configure:1899: gcc    conftest.c  >&5
configure:1902: $? = 0
configure:1931: result: a.out
configure:1936: checking whether the C compiler works
configure:1942: ./a.out
configure:1945: $? = 0
configure:1960: result: yes
configure:1967: checking whether we are cross compiling
configure:1969: result: no
configure:1972: checking for executable suffix
configure:1974: gcc -o conftest    conftest.c  >&5
configure:1977: $? = 0
configure:1999: result: 
configure:2005: checking for object suffix
configure:2023: gcc -c   conftest.c >&5
configure:2026: $? = 0
configure:2045: result: o
configure:2049: checking whether we are using the GNU C compiler
configure:2070: gcc -c   conftest.c >&5
configure:2073: $? = 0
configure:2076: test -s conftest.o
configure:2079: $? = 0
configure:2091: result: yes
configure:2097: checking whether gcc accepts -g
configure:2115: gcc -c -g  conftest.c >&5
configure:2118: $? = 0
configure:2121: test -s conftest.o
configure:2124: $? = 0
configure:2134: result: yes
configure:2161: gcc -c -g -O2  conftest.c >&5
conftest.c:2:3: error: unknown type name 'choke'
    2 |   choke me
      |   ^~~~~
conftest.c:2:3: error: expected '=', ',', ';', 'asm' or '__attribute__' at end of input
configure:2164: $? = 1
configure: failed program was:
#ifndef __cplusplus
  choke me
#endif
configure:2265: checking version of gcc
configure:2269: result: 9.3.0
configure:2278: checking if this is really Intel C compiler
configure:2300: gcc -c -g -O2 -no-gcc  conftest.c >&5
gcc: error: unrecognized command line option '-no-gcc'
configure:2303: $? = 1
configure: failed program was:
#line 2283 "configure"
#include "confdefs.h"

int
main (void)
{

#ifdef __INTEL_COMPILER
#else
make an error
#endif

  ;
  return 0;
}
configure:2320: result: no
configure:2329: checking if this is really Clang C compiler
configure:2350: gcc -c -g -O2  conftest.c >&5
configure: In function 'main':
configure:2341:1: error: unknown type name 'make'
 2341 | #else
      | ^~~~
configure:2341:9: error: expected '=', ',', ';', 'asm' or '__attribute__' before 'error'
 2341 | #else
      |         ^    
configure:2353: $? = 1
configure: failed program was:
#line 2333 "configure"
#include "confdefs.h"

int
main (void)
{

#ifdef __clang__
#else
make an error
#endif

  ;
  return 0;
}
configure:2369: result: no
configure:2450: checking for gcc option to accept ANSI C
configure:2507: gcc  -c -g -O2  conftest.c >&5
configure:2510: $? = 0
configure:2513: test -s conftest.o
configure:2516: $? = 0
configure:2533: result: none needed
configure:2544: checking $CFLAGS variable
configure:2658: result: ok
configure:2663: checking $CC variable
configure:2798: result: ok
configure:2809: checking how to run the C preprocessor
configure:2835: gcc -E  conftest.c
configure:2841: $? = 0
configure:2868: gcc -E  conftest.c
configure:2865:10: fatal error: ac_nonexistent.h: No such file or directory
 2865 | #include "confdefs.h"
      |          ^~~~~~~~~~~~      
compilation terminated.
configure:2874: $? = 1
configure: failed program was:
#line 2864 "configure"
#include "confdefs.h"
#include <ac_nonexistent.h>
configure:2911: result: gcc -E
configure:2926: gcc -E  conftest.c
configure:2932: $? = 0
configure:2959: gcc -E  conftest.c
configure:2956:10: fatal error: ac_nonexistent.h: No such file or directory
 2956 | #include "confdefs.h"
      |          ^~~~~~~~~~~~      
compilation terminated.
configure:2965: $? = 1
configure: failed program was:
#line 2955 "configure"
#include "confdefs.h"
#include <ac_nonexistent.h>
configure:3006: checking whether gcc needs -traditional
configure:3041: result: no
configure:3048: checking whether gcc understands -c and -o together
configure:3063: gcc -g -O2  -c conftest.c -o conftest2.o >&5
configure:3066: $? = 0
configure:3068: gcc -g -O2  -c conftest.c -o conftest2.o >&5
configure:3071: $? = 0
configure:3082: result: yes
configure:3099: checking for ldconfig
configure:3116: found /usr/sbin/ldconfig
configure:3127: result: /usr/sbin/ldconfig
configure:3138: checking if you want to ensure bool is consistent with C++
configure:3148: result: yes
configure:3205: checking for g++
configure:3220: found /usr/bin/g++
configure:3228: result: g++
configure:3243: checking for C++ compiler version
configure:3246: g++ --version </dev/null >&5
g++ (Ubuntu 9.3.0-17ubuntu1~20.04) 9.3.0
Copyright (C) 2019 Free Software Foundation, Inc.
This is free software; see the source for copying conditions.  There is NO
warranty; not even for MERCHANTABILITY or FITNESS FOR A PARTICULAR PURPOSE.

configure:3249: $? = 0
configure:3251: g++ -v </dev/null >&5
Using built-in specs.
COLLECT_GCC=g++
COLLECT_LTO_WRAPPER=/usr/lib/gcc/x86_64-linux-gnu/9/lto-wrapper
OFFLOAD_TARGET_NAMES=nvptx-none:hsa
OFFLOAD_TARGET_DEFAULT=1
Target: x86_64-linux-gnu
Configured with: ../src/configure -v --with-pkgversion='Ubuntu 9.3.0-17ubuntu1~20.04' --with-bugurl=file:///usr/share/doc/gcc-9/README.Bugs --enable-languages=c,ada,c++,go,brig,d,fortran,objc,obj-c++,gm2 --prefix=/usr --with-gcc-major-version-only --program-suffix=-9 --program-prefix=x86_64-linux-gnu- --enable-shared --enable-linker-build-id --libexecdir=/usr/lib --without-included-gettext --enable-threads=posix --libdir=/usr/lib --enable-nls --enable-clocale=gnu --enable-libstdcxx-debug --enable-libstdcxx-time=yes --with-default-libstdcxx-abi=new --enable-gnu-unique-object --disable-vtable-verify --enable-plugin --enable-default-pie --with-system-zlib --with-target-system-zlib=auto --enable-objc-gc=auto --enable-multiarch --disable-werror --with-arch-32=i686 --with-abi=m64 --with-multilib-list=m32,m64,mx32 --enable-multilib --with-tune=generic --enable-offload-targets=nvptx-none=/build/gcc-9-HskZEa/gcc-9-9.3.0/debian/tmp-nvptx/usr,hsa --without-cuda-driver --enable-checking=release --build=x86_64-linux-gnu --host=x86_64-linux-gnu --target=x86_64-linux-gnu
Thread model: posix
gcc version 9.3.0 (Ubuntu 9.3.0-17ubuntu1~20.04) 
configure:3254: $? = 0
configure:3256: g++ -V </dev/null >&5
g++: error: unrecognized command line option '-V'
g++: fatal error: no input files
compilation terminated.
configure:3259: $? = 1
configure:3262: checking whether we are using the GNU C++ compiler
configure:3283: g++ -c   conftest.cc >&5
configure:3286: $? = 0
configure:3289: test -s conftest.o
configure:3292: $? = 0
configure:3304: result: yes
configure:3310: checking whether g++ accepts -g
configure:3328: g++ -c -g  conftest.cc >&5
configure:3331: $? = 0
configure:3334: test -s conftest.o
configure:3337: $? = 0
configure:3347: result: yes
configure:3387: g++ -c -g -O2  conftest.cc >&5
configure:3390: $? = 0
configure:3393: test -s conftest.o
configure:3396: $? = 0
configure:3418: g++ -c -g -O2  conftest.cc >&5
configure: In function 'int main()':
configure:3411:1: error: 'exit' was not declared in this scope
 3411 | {
      | ^   
configure:3421: $? = 1
configure: failed program was:
#line 3406 "configure"
#include "confdefs.h"

int
main (void)
{
exit (42);
  ;
  return 0;
}
configure:3387: g++ -c -g -O2  conftest.cc >&5
configure:3390: $? = 0
configure:3393: test -s conftest.o
configure:3396: $? = 0
configure:3418: g++ -c -g -O2  conftest.cc >&5
configure:3421: $? = 0
configure:3424: test -s conftest.o
configure:3427: $? = 0
configure:3461: checking if g++ works
configure:3486: g++ -c -g -O2  -I/usr/include conftest.cc >&5
configure:3489: $? = 0
configure:3492: test -s conftest.o
configure:3495: $? = 0
configure:3506: result: yes
configure:3526: checking for g++
configure:3543: found /usr/bin/g++
configure:3554: result: /usr/bin/g++
configure:3573: checking version of /usr/bin/g++
configure:3581: result: 9.3.0
configure:3594: checking if you want to build C++ binding and demo
configure:3604: result: yes
configure:3607: checking if you want to build with Ada
configure:3609: result: yes
configure:3612: checking if you want to install terminal database
configure:3622: result: yes
configure:3625: checking if you want to install manpages
configure:3635: result: yes
configure:3638: checking if you want to build programs such as tic
configure:3648: result: yes
configure:3676: checking if you want to build test-programs
configure:3686: result: yes
configure:3689: checking if you wish to install curses.h
configure:3699: result: yes
configure:3724: checking for mawk
configure:3739: found /usr/bin/mawk
configure:3747: result: mawk
configure:3773: checking for a BSD compatible install
configure:3822: result: /usr/bin/install -c
configure:3847: checking for lint
configure:3873: result: no
configure:3847: checking for cppcheck
configure:3873: result: no
configure:3847: checking for splint
configure:3873: result: no
configure:3886: checking whether ln -s works
configure:3890: result: yes
configure:3897: checking if ln -s -f options work
configure:3909: result: yes
configure:3914: checking for long file names
configure:3953: result: yes
configure:3982: checking if you want to use pkg-config
configure:3992: result: yes
configure:4044: checking for pkg-config
configure:4073: result: none
configure:4126: WARNING: pkg-config is not installed
configure:4132: checking for pkg-config library directory
configure:4193: checking for first directory
configure:4204: result: none
configure:4246: checking if we should install .pc files
configure:4257: result: no
configure:4330: checking if we should assume mixed-case filenames
configure:4340: result: auto
configure:4344: checking if filesystem supports mixed-case filenames
configure:4371: result: yes
configure:4390: checking whether make sets ${MAKE}
configure:4410: result: yes
configure:4419: checking for ".PHONY" make-support
** making always.out 1
echo 1 > always.out
** making always 1
** making once.out 1
echo 1 > once.out
** making once 1
make: Nothing to be done for 'always'.
touch once
** making always.out 2
echo 2 > always.out
** making always 2
** making once.out 2
echo 2 > once.out
** making once 2
make: Nothing to be done for 'always'.
touch once
** making always.out 3
echo 3 > always.out
** making always 3
** making once.out 3
echo 3 > once.out
** making once 3
make: Nothing to be done for 'always'.
touch once
configure:4474: result: yes
configure:4485: checking for exctags
configure:4511: result: no
configure:4485: checking for ctags
configure:4511: result: no
configure:4522: checking for exetags
configure:4548: result: no
configure:4522: checking for etags
configure:4548: result: no
configure:4557: checking for ctags
configure:4581: result: no
configure:4591: checking for etags
configure:4615: result: no
configure:4638: checking for makeflags variable
configure:4676: result: 
configure:4717: checking for ranlib
configure:4732: found /usr/bin/ranlib
configure:4741: result: ranlib
configure:4791: checking for ld
configure:4806: found /usr/bin/ld
configure:4815: result: ld
configure:4865: checking for ar
configure:4880: found /usr/bin/ar
configure:4889: result: ar
configure:4939: checking for nm
configure:4954: found /usr/bin/nm
configure:4963: result: nm
configure:5013: checking for ar
configure:5037: result: ar
configure:5049: checking for options to update archives
configure:5089: gcc -c -g -O2  conftest.c >&5
configure:5092: $? = 0
ar  -curvU conftest.a conftest.o
configure:5113: result: -curvU
configure:5124: checking if you have specified an install-prefix
configure:5137: result: 
configure:5301: checking if libtool -version-number should be used
configure:5318: result: yes
configure:5367: checking if you want to build libraries with libtool
configure:5377: result: no
configure:5687: checking if you want to build shared libraries
configure:5697: result: no
configure:5701: checking if you want to build static libraries
configure:5711: result: yes
configure:5715: checking if you want to build debug libraries
configure:5725: result: yes
configure:5729: checking if you want to build profiling libraries
configure:5739: result: no
configure:5764: checking for specified models
configure:5768: result:  normal debug
configure:5773: checking for default model
configure:5776: result: normal
configure:5790: checking if you want to have a library-prefix
configure:5800: result: auto
configure:5831: checking for PATH separator
configure:5838: result: :
configure:5843: checking if you want to build a separate terminfo library
configure:5853: result: no
configure:5856: checking if you want to build a separate tic library
configure:5866: result: no
configure:5879: checking for default loader flags
configure:5888: result: 
configure:5928: checking for an rpath option
configure:5959: result: -Wl,-rpath,
configure:6038: checking if release/abi version should be used for shared libs
configure:6064: result: auto
configure:6087: checking which gcc option to use
configure:6106: gcc -c -g -O2 -fPIC  conftest.c >&5
configure:6109: $? = 0
configure:6112: test -s conftest.o
configure:6115: $? = 0
configure:6124: result: -fPIC
configure:6692: testing CC_SHARED_OPTS: -fPIC ...
configure:6696: testing MK_SHARED_LIB:  ${CC} ${LDFLAGS} ${CFLAGS} -shared -Wl,-soname,`basename $@ .${REL_VERSION}`.${ABI_VERSION},-stats,-lc -o $@ ...
configure:6948: checking if you want to link with the GPM mouse library
configure:6958: result: maybe
configure:6962: checking for gpm.h
configure:6972: gcc -E  conftest.c
configure:6969:10: fatal error: gpm.h: No such file or directory
 6969 | #include "confdefs.h"
      |          ^~~~~~~
compilation terminated.
configure:6978: $? = 1
configure: failed program was:
#line 6968 "configure"
#include "confdefs.h"
#include <gpm.h>
configure:6997: result: no
configure:7538: checking if you want to use PCRE2 for regular-expressions
configure:7547: result: no
configure:8038: checking if you want to disable library suffixes
configure:8055: result: no
configure:8324: checking if you want to disable extra LDFLAGS for package-scripts
configure:8341: result: no
configure:8349: checking if you wish to append extra suffix to header/library paths
configure:8368: result: 
configure:8372: checking if you wish to install ncurses overwriting curses
configure:8382: result: yes
configure:8385: checking if external terminfo-database is used
configure:8395: result: yes
configure:8411: checking which terminfo source-file will be installed
configure:8419: result: ${top_srcdir}/misc/terminfo.src
configure:8422: checking whether to use hashed database instead of directory/tree
configure:8432: result: no
configure:8438: checking for list of fallback descriptions
configure:8448: result: 
configure:8507: checking for tic
configure:8522: found /usr/bin/tic
configure:8530: result: tic
configure:8580: checking for infocmp
configure:8595: found /usr/bin/infocmp
configure:8603: result: infocmp
configure:8946: checking if you want modern xterm or antique
configure:8960: result: xterm-new
configure:8964: checking if xterm backspace sends BS or DEL
configure:8985: result: BS
configure:8995: checking for list of terminfo directories
configure:9058: result: /usr/share/terminfo
configure:9073: checking for default terminfo directory
configure:9118: result: /usr/share/terminfo
configure:9129: checking if big-core option selected
configure:9155: gcc -o conftest -g -O2   conftest.c  >&5
configure:9158: $? = 0
configure:9160: ./conftest
configure:9163: $? = 0
configure:9175: result: yes
configure:9185: checking if big-strings option selected
configure:9209: result: yes
configure:9216: checking if you want termcap-fallback support
configure:9226: result: no
configure:9360: checking if ~/.terminfo is wanted
configure:9370: result: yes
configure:9377: checking if you want to permit root to use ncurses environment variables
configure:9387: result: yes
configure:9394: checking if you want to permit setuid programs to access all files
configure:9404: result: yes
configure:9419: checking for unistd.h
configure:9429: gcc -E  conftest.c
configure:9435: $? = 0
configure:9454: result: yes
configure:9469: checking for remove
configure:9506: gcc -o conftest -g -O2   conftest.c  >&5
configure:9509: $? = 0
configure:9512: test -s conftest
configure:9515: $? = 0
configure:9525: result: yes
configure:9469: checking for unlink
configure:9506: gcc -o conftest -g -O2   conftest.c  >&5
configure:9509: $? = 0
configure:9512: test -s conftest
configure:9515: $? = 0
configure:9525: result: yes
configure:9609: checking if link/symlink functions work
configure:9660: gcc -o conftest -g -O2   conftest.c  >&5
configure:9663: $? = 0
configure:9665: ./conftest
configure:9668: $? = 0
configure:9660: gcc -o conftest -g -O2   conftest.c  >&5
configure:9663: $? = 0
configure:9665: ./conftest
configure:9668: $? = 0
configure:9686: result:  link symlink
configure:9706: checking if tic should use symbolic links
configure:9716: result: no
configure:9723: checking if tic should use hard links
configure:9730: result: yes
configure:9746: checking if you want broken-linker support code
configure:9756: result: no
configure:9770: checking if tputs should process BSD-style prefix padding
configure:9780: result: no
configure:9799: checking if the POSIX test-macros are already defined
configure:9825: gcc -c -g -O2  conftest.c >&5
configure:9828: $? = 0
configure:9831: test -s conftest.o
configure:9834: $? = 0
configure:9845: result: no
configure:9890: checking if this is the GNU C library
configure:9916: gcc -c -g -O2  conftest.c >&5
configure:9919: $? = 0
configure:9922: test -s conftest.o
configure:9925: $? = 0
configure:9936: result: yes
configure:9944: checking if _DEFAULT_SOURCE can be used as a basis
configure:9975: gcc -c -g -O2 -D_DEFAULT_SOURCE conftest.c >&5
configure:9978: $? = 0
configure:9981: test -s conftest.o
configure:9984: $? = 0
configure:9996: result: yes
configure:10001: checking if _XOPEN_SOURCE=600 works with _DEFAULT_SOURCE
configure:10126: gcc -c -g -O2 -D_DEFAULT_SOURCE -D_XOPEN_SOURCE=600 conftest.c >&5
configure:10129: $? = 0
configure:10132: test -s conftest.o
configure:10135: $? = 0
configure:10146: result: yes
configure:11354: checking if _XOPEN_SOURCE really is set
configure:11372: gcc -c -g -O2 -D_DEFAULT_SOURCE -D_XOPEN_SOURCE=600 conftest.c >&5
configure:11375: $? = 0
configure:11378: test -s conftest.o
configure:11381: $? = 0
configure:11390: result: yes
configure:11410: gcc -c -g -O2 -D_DEFAULT_SOURCE -D_XOPEN_SOURCE=600 conftest.c >&5
configure:11413: $? = 0
configure:11416: test -s conftest.o
configure:11419: $? = 0
configure:11676: checking if SIGWINCH is defined
configure:11698: gcc -c -g -O2 -D_DEFAULT_SOURCE -D_XOPEN_SOURCE=600 conftest.c >&5
configure:11701: $? = 0
configure:11704: test -s conftest.o
configure:11707: $? = 0
configure:11755: result: yes
configure:11825: checking for nl_langinfo and CODESET
configure:11843: gcc -o conftest -g -O2 -D_DEFAULT_SOURCE -D_XOPEN_SOURCE=600  conftest.c  >&5
configure:11846: $? = 0
configure:11849: test -s conftest
configure:11852: $? = 0
configure:11863: result: yes
configure:11877: checking if you want wide-character code
configure:11887: result: no
configure:13246: checking whether to enable _LP64 definition in curses.h
configure:13256: result: yes
configure:13272: checking for special C compiler options needed for large files
configure:13346: result: no
configure:13352: checking for _FILE_OFFSET_BITS value needed for large files
configure:13380: gcc -c -g -O2 -D_DEFAULT_SOURCE -D_XOPEN_SOURCE=600 conftest.c >&5
configure:13383: $? = 0
configure:13386: test -s conftest.o
configure:13389: $? = 0
configure:13439: result: no
configure:13449: checking for _LARGE_FILES value needed for large files
configure:13477: gcc -c -g -O2 -D_DEFAULT_SOURCE -D_XOPEN_SOURCE=600 conftest.c >&5
configure:13480: $? = 0
configure:13483: test -s conftest.o
configure:13486: $? = 0
configure:13536: result: no
configure:13549: checking for _LARGEFILE_SOURCE value needed for large files
configure:13569: gcc -c -g -O2 -D_DEFAULT_SOURCE -D_XOPEN_SOURCE=600 conftest.c >&5
configure:13572: $? = 0
configure:13575: test -s conftest.o
configure:13578: $? = 0
configure:13620: result: no
configure:13634: checking for fseeko
configure:13652: gcc -o conftest -g -O2 -D_DEFAULT_SOURCE -D_XOPEN_SOURCE=600  conftest.c  >&5
configure:13655: $? = 0
configure:13658: test -s conftest
configure:13661: $? = 0
configure:13671: result: yes
configure:13710: checking whether to use struct dirent64
configure:13740: gcc -c -g -O2 -D_DEFAULT_SOURCE -D_XOPEN_SOURCE=600 conftest.c >&5
configure: In function 'main':
configure:13728:28: error: conflicting types for 'readdir'
13728 |   /* if transitional largefile support is setup, this is true */
      |                            ^~~~~~~
In file included from configure:13721:
/usr/include/dirent.h:162:23: note: previous declaration of 'readdir' was here
  162 | extern struct dirent *readdir (DIR *__dirp) __nonnull ((1));
      |                       ^~~~~~~
configure:13730:22: error: initialization of 'struct dirent *' from incompatible pointer type 'struct dirent64 *' [-Werror=incompatible-pointer-types]
13730 |   struct dirent64 *x = readdir((DIR *)0);
      |                      ^~~~~~~
configure:13731:13: error: invalid operands to binary - (have 'struct dirent64 *' and 'struct dirent *')
13731 |   struct dirent *y = readdir((DIR *)0);
      |             ^
cc1: some warnings being treated as errors
configure:13743: $? = 1
configure: failed program was:
#line 13717 "configure"
#include "confdefs.h"

#pragma GCC diagnostic error "-Wincompatible-pointer-types"
#include <sys/types.h>
#include <dirent.h>

int
main (void)
{

		/* if transitional largefile support is setup, this is true */
		extern struct dirent64 * readdir(DIR *);
		struct dirent64 *x = readdir((DIR *)0);
		struct dirent *y = readdir((DIR *)0);
		int z = x - y;
		(void)z;

  ;
  return 0;
}
configure:13760: result: no
configure:13770: checking if you want tparm not to use X/Open fixed-parameter list
configure:13780: result: yes
configure:13804: checking if you want to enable wattr* macros
configure:13816: result: no
configure:13824: checking for X11 rgb file
configure:13896: result: /usr/share/X11/rgb.txt
configure:13910: checking for type of bool
configure:13920: result: auto
configure:13923: checking for alternate terminal capabilities file
configure:13934: result: Caps
configure:13938: checking for type of chtype
configure:13948: result: uint32_t
configure:13952: checking for type of ospeed
configure:13962: result: short
configure:13966: checking for type of mmask_t
configure:13976: result: uint32_t
configure:13980: checking for size CCHARW_MAX
configure:13990: result: 5
configure:13993: checking for ANSI C header files
configure:14007: gcc -E -D_DEFAULT_SOURCE -D_XOPEN_SOURCE=600 conftest.c
configure:14013: $? = 0
configure:14100: gcc -o conftest -g -O2 -D_DEFAULT_SOURCE -D_XOPEN_SOURCE=600  conftest.c  >&5
configure:14103: $? = 0
configure:14105: ./conftest
configure:14108: $? = 0
configure:14121: result: yes
configure:14137: checking for sys/types.h
configure:14149: gcc -c -g -O2 -D_DEFAULT_SOURCE -D_XOPEN_SOURCE=600 conftest.c >&5
configure:14152: $? = 0
configure:14155: test -s conftest.o
configure:14158: $? = 0
configure:14168: result: yes
configure:14137: checking for sys/stat.h
configure:14149: gcc -c -g -O2 -D_DEFAULT_SOURCE -D_XOPEN_SOURCE=600 conftest.c >&5
configure:14152: $? = 0
configure:14155: test -s conftest.o
configure:14158: $? = 0
configure:14168: result: yes
configure:14137: checking for stdlib.h
configure:14149: gcc -c -g -O2 -D_DEFAULT_SOURCE -D_XOPEN_SOURCE=600 conftest.c >&5
configure:14152: $? = 0
configure:14155: test -s conftest.o
configure:14158: $? = 0
configure:14168: result: yes
configure:14137: checking for string.h
configure:14149: gcc -c -g -O2 -D_DEFAULT_SOURCE -D_XOPEN_SOURCE=600 conftest.c >&5
configure:14152: $? = 0
configure:14155: test -s conftest.o
configure:14158: $? = 0
configure:14168: result: yes
configure:14137: checking for memory.h
configure:14149: gcc -c -g -O2 -D_DEFAULT_SOURCE -D_XOPEN_SOURCE=600 conftest.c >&5
configure:14152: $? = 0
configure:14155: test -s conftest.o
configure:14158: $? = 0
configure:14168: result: yes
configure:14137: checking for strings.h
configure:14149: gcc -c -g -O2 -D_DEFAULT_SOURCE -D_XOPEN_SOURCE=600 conftest.c >&5
configure:14152: $? = 0
configure:14155: test -s conftest.o
configure:14158: $? = 0
configure:14168: result: yes
configure:14137: checking for inttypes.h
configure:14149: gcc -c -g -O2 -D_DEFAULT_SOURCE -D_XOPEN_SOURCE=600 conftest.c >&5
configure:14152: $? = 0
configure:14155: test -s conftest.o
configure:14158: $? = 0
configure:14168: result: yes
configure:14137: checking for stdint.h
configure:14149: gcc -c -g -O2 -D_DEFAULT_SOURCE -D_XOPEN_SOURCE=600 conftest.c >&5
configure:14152: $? = 0
configure:14155: test -s conftest.o
configure:14158: $? = 0
configure:14168: result: yes
configure:14137: checking for unistd.h
configure:14168: result: yes
configure:14178: checking for signed char
configure:14199: gcc -c -g -O2 -D_DEFAULT_SOURCE -D_XOPEN_SOURCE=600 conftest.c >&5
configure:14202: $? = 0
configure:14205: test -s conftest.o
configure:14208: $? = 0
configure:14218: result: yes
configure:14221: checking size of signed char
configure:14385: gcc -o conftest -g -O2 -D_DEFAULT_SOURCE -D_XOPEN_SOURCE=600  conftest.c  >&5
configure:14388: $? = 0
configure:14390: ./conftest
configure:14393: $? = 0
configure:14409: result: 1
configure:14420: checking if you want to use signed Boolean array in term.h
configure:14430: result: no
configure:14435: checking for type of tparm args
configure:14445: result: intptr_t
configure:14449: checking if RCS identifiers should be compiled-in
configure:14459: result: no
configure:14468: checking format of man-pages
configure:14557: result:  gzip
configure:14564: checking for manpage renaming
configure:14606: result: /home/sindre/stacksy/ncurses/man/man_db.renames
configure:14609: checking if manpage aliases will be installed
configure:14620: result: yes
configure:14634: checking if manpage symlinks should be used
configure:14653: result: yes
configure:14657: checking for manpage tbl
configure:14668: result: no
configure:15001: checking if you want to build with function extensions
configure:15011: result: yes
configure:15071: checking if you want to build with SCREEN extensions
configure:15081: result: yes
configure:15100: checking if you want to build with terminal-driver
configure:15110: result: no
configure:15131: checking for extended use of const keyword
configure:15141: result: yes
configure:15149: checking if you want to use extended colors
configure:15159: result: yes
configure:15164: WARNING: This option applies only to wide-character library
configure:15202: checking if you want to use extended mouse encoding
configure:15212: result: yes
configure:15232: checking if you want to use extended putwin/screendump
configure:15242: result: yes
configure:15252: checking if you want $NCURSES_NO_PADDING code
configure:15262: result: yes
configure:15270: checking if you want SIGWINCH handler
configure:15280: result: yes
configure:15288: checking if you want user-definable terminal capabilities like termcap
configure:15298: result: yes
configure:15305: checking if you want to link with the pthread library
configure:15315: result: no
configure:15657: checking if you want reentrant code
configure:15667: result: no
configure:15767: checking if you want opaque curses-library structures
configure:15789: result: no
configure:15798: checking if you want opaque form-library structures
configure:15808: result: no
configure:15811: checking if you want opaque menu-library structures
configure:15821: result: no
configure:15824: checking if you want opaque panel-library structures
configure:15834: result: no
configure:15867: checking if you want all development code
configure:15877: result: no
configure:15881: checking if you want hard-tabs code
configure:15891: result: no
configure:15899: checking if you want limited support for xmc
configure:15909: result: no
configure:15919: checking if you do not want to assume colors are white-on-black
configure:15929: result: yes
configure:15937: checking if you want hashmap scrolling-optimization code
configure:15947: result: yes
configure:15955: checking if you want colorfgbg code
configure:15965: result: no
configure:15973: checking if you want to use gcc -fvisibility option
configure:15983: result: no
configure:16320: checking if you want interop bindings
configure:16330: result: yes
configure:16336: checking if you want experimental safe-sprintf code
configure:16346: result: no
configure:16371: checking if you want wgetch-events code
configure:16381: result: no
configure:16432: checking if you want to see long compiling messages
configure:16466: result: yes
configure:16479: checking if you want to install stripped executables
configure:16496: result: yes
configure:16507: checking if install accepts -p option
configure:16538: result: yes
configure:16541: checking if install needs to be told about ownership
configure:16552: result: no
configure:16577: checking if you want to use C11 _Noreturn feature
configure:16594: result: no
configure:16782: checking if you want to turn on gcc warnings
configure:16799: result: no
configure:17051: checking for gcc __attribute__ directives...
checking for gcc __attribute__((scanf))
configure:17103: gcc -c -g -O2 -D_DEFAULT_SOURCE -D_XOPEN_SOURCE=600 conftest.c >&5
configure:17106: $? = 0
checking for gcc __attribute__((printf))
configure:17103: gcc -c -g -O2 -D_DEFAULT_SOURCE -D_XOPEN_SOURCE=600 conftest.c >&5
configure:17106: $? = 0
checking for gcc __attribute__((unused))
configure:17103: gcc -c -g -O2 -D_DEFAULT_SOURCE -D_XOPEN_SOURCE=600 conftest.c >&5
configure:17106: $? = 0
checking for gcc __attribute__((noreturn))
configure:17103: gcc -c -g -O2 -D_DEFAULT_SOURCE -D_XOPEN_SOURCE=600 conftest.c >&5
configure:17106: $? = 0
configure:17466: checking if you want to work around bogus compiler/loader warnings
configure:17476: result: no
configure:17748: checking if you want to enable runtime assertions
configure:17758: result: no
configure:17774: checking if you want to use dmalloc for testing
configure:17796: result: no
configure:18011: checking if you want to use dbmalloc for testing
configure:18033: result: no
configure:18248: checking if you want to use valgrind for testing
configure:18270: result: no
configure:18383: checking if you want to perform memory-leak testing
configure:18394: result: no
configure:18446: checking whether to add trace feature to all models
configure:18456: result: no
configure:18570: checking if we want to use GNAT projects
configure:18587: result: yes
configure:18709: checking for gettimeofday
configure:18746: gcc -o conftest -g -O2 -D_DEFAULT_SOURCE -D_XOPEN_SOURCE=600 -DNDEBUG  conftest.c  >&5
configure:18749: $? = 0
configure:18752: test -s conftest
configure:18755: $? = 0
configure:18765: result: yes
configure:18852: checking if -lm needed for math functions
configure:18875: gcc -o conftest -g -O2 -D_DEFAULT_SOURCE -D_XOPEN_SOURCE=600 -DNDEBUG  conftest.c  >&5
/usr/bin/ld: /tmp/ccCi2z9c.o: in function `main':
/home/sindre/stacksy/ncurses/configure:18868: undefined reference to `sin'
/usr/bin/ld: /home/sindre/stacksy/ncurses/configure:18868: undefined reference to `pow'
collect2: error: ld returned 1 exit status
configure:18878: $? = 1
configure: failed program was:
#line 18859 "configure"
#include "confdefs.h"

	#include <stdio.h>
	#include <stdlib.h>
	#include <math.h>

int
main (void)
{
double x = rand(); printf("result = %g\n", pow(sin(x),x))
  ;
  return 0;
}
configure:18894: result: yes
configure:18902: checking for ANSI C header files
configure:19030: result: yes
configure:19043: checking for dirent.h that defines DIR
configure:19064: gcc -c -g -O2 -D_DEFAULT_SOURCE -D_XOPEN_SOURCE=600 -DNDEBUG conftest.c >&5
configure:19067: $? = 0
configure:19070: test -s conftest.o
configure:19073: $? = 0
configure:19083: result: yes
configure:19096: checking for opendir in -ldir
configure:19123: gcc -o conftest -g -O2 -D_DEFAULT_SOURCE -D_XOPEN_SOURCE=600 -DNDEBUG  conftest.c -ldir   >&5
/usr/bin/ld: cannot find -ldir
collect2: error: ld returned 1 exit status
configure:19126: $? = 1
configure: failed program was:
#line 19104 "configure"
#include "confdefs.h"

/* Override any gcc2 internal prototype to avoid an error.  */
#ifdef __cplusplus
extern "C"
#endif
/* We use char because int might match the return type of a gcc2
   builtin and then its argument prototype would still apply.  */
char opendir ();
int
main (void)
{
opendir ();
  ;
  return 0;
}
configure:19143: result: no
configure:19205: checking whether time.h and sys/time.h may both be included
configure:19227: gcc -c -g -O2 -D_DEFAULT_SOURCE -D_XOPEN_SOURCE=600 -DNDEBUG conftest.c >&5
configure:19230: $? = 0
configure:19233: test -s conftest.o
configure:19236: $? = 0
configure:19246: result: yes
configure:19614: checking for regcomp
configure:19651: gcc -o conftest -g -O2 -D_DEFAULT_SOURCE -D_XOPEN_SOURCE=600 -DNDEBUG  conftest.c  >&5
configure:19654: $? = 0
configure:19657: test -s conftest
configure:19660: $? = 0
configure:19670: result: yes
configure:19899: checking for regular-expression headers
configure:19974: gcc -o conftest -g -O2 -D_DEFAULT_SOURCE -D_XOPEN_SOURCE=600 -DNDEBUG  conftest.c  >&5
configure:19977: $? = 0
configure:19980: test -s conftest
configure:19983: $? = 0
configure:19999: result: regex.h
configure:20041: checking for fcntl.h
configure:20051: gcc -E -D_DEFAULT_SOURCE -D_XOPEN_SOURCE=600 -DNDEBUG conftest.c
configure:20057: $? = 0
configure:20076: result: yes
configure:20041: checking for getopt.h
configure:20051: gcc -E -D_DEFAULT_SOURCE -D_XOPEN_SOURCE=600 -DNDEBUG conftest.c
configure:20057: $? = 0
configure:20076: result: yes
configure:20041: checking for limits.h
configure:20051: gcc -E -D_DEFAULT_SOURCE -D_XOPEN_SOURCE=600 -DNDEBUG conftest.c
configure:20057: $? = 0
configure:20076: result: yes
configure:20041: checking for locale.h
configure:20051: gcc -E -D_DEFAULT_SOURCE -D_XOPEN_SOURCE=600 -DNDEBUG conftest.c
configure:20057: $? = 0
configure:20076: result: yes
configure:20041: checking for math.h
configure:20051: gcc -E -D_DEFAULT_SOURCE -D_XOPEN_SOURCE=600 -DNDEBUG conftest.c
configure:20057: $? = 0
configure:20076: result: yes
configure:20041: checking for poll.h
configure:20051: gcc -E -D_DEFAULT_SOURCE -D_XOPEN_SOURCE=600 -DNDEBUG conftest.c
configure:20057: $? = 0
configure:20076: result: yes
configure:20041: checking for sys/ioctl.h
configure:20051: gcc -E -D_DEFAULT_SOURCE -D_XOPEN_SOURCE=600 -DNDEBUG conftest.c
configure:20057: $? = 0
configure:20076: result: yes
configure:20041: checking for sys/param.h
configure:20051: gcc -E -D_DEFAULT_SOURCE -D_XOPEN_SOURCE=600 -DNDEBUG conftest.c
configure:20057: $? = 0
configure:20076: result: yes
configure:20041: checking for sys/poll.h
configure:20051: gcc -E -D_DEFAULT_SOURCE -D_XOPEN_SOURCE=600 -DNDEBUG conftest.c
configure:20057: $? = 0
configure:20076: result: yes
configure:20041: checking for sys/select.h
configure:20051: gcc -E -D_DEFAULT_SOURCE -D_XOPEN_SOURCE=600 -DNDEBUG conftest.c
configure:20057: $? = 0
configure:20076: result: yes
configure:20041: checking for sys/time.h
configure:20051: gcc -E -D_DEFAULT_SOURCE -D_XOPEN_SOURCE=600 -DNDEBUG conftest.c
configure:20057: $? = 0
configure:20076: result: yes
configure:20041: checking for sys/times.h
configure:20051: gcc -E -D_DEFAULT_SOURCE -D_XOPEN_SOURCE=600 -DNDEBUG conftest.c
configure:20057: $? = 0
configure:20076: result: yes
configure:20041: checking for ttyent.h
configure:20051: gcc -E -D_DEFAULT_SOURCE -D_XOPEN_SOURCE=600 -DNDEBUG conftest.c
configure:20057: $? = 0
configure:20076: result: yes
configure:20041: checking for unistd.h
configure:20076: result: yes
configure:20041: checking for wctype.h
configure:20051: gcc -E -D_DEFAULT_SOURCE -D_XOPEN_SOURCE=600 -DNDEBUG conftest.c
configure:20057: $? = 0
configure:20076: result: yes
configure:20089: checking for unistd.h
configure:20124: result: yes
configure:20089: checking for getopt.h
configure:20124: result: yes
configure:20134: checking for header declaring getopt variables
configure:20157: gcc -c -g -O2 -D_DEFAULT_SOURCE -D_XOPEN_SOURCE=600 -DNDEBUG conftest.c >&5
configure: In function 'main':
configure:20150:9: error: 'optind' undeclared (first use in this function)
20150 | {
      |         ^     
configure:20150:9: note: each undeclared identifier is reported only once for each function it appears in
configure:20150:27: error: 'optarg' undeclared (first use in this function)
20150 | {
      |                           ^     
configure:20160: $? = 1
configure: failed program was:
#line 20144 "configure"
#include "confdefs.h"

#include <stdio.h>
int
main (void)
{
int x = optind; char *y = optarg; (void)x; (void)y
  ;
  return 0;
}
configure:20157: gcc -c -g -O2 -D_DEFAULT_SOURCE -D_XOPEN_SOURCE=600 -DNDEBUG conftest.c >&5
configure: In function 'main':
configure:20150:9: error: 'optind' undeclared (first use in this function)
20150 | {
      |         ^     
configure:20150:9: note: each undeclared identifier is reported only once for each function it appears in
configure:20150:27: error: 'optarg' undeclared (first use in this function)
20150 | {
      |                           ^     
configure:20160: $? = 1
configure: failed program was:
#line 20144 "configure"
#include "confdefs.h"

#include <stdlib.h>
int
main (void)
{
int x = optind; char *y = optarg; (void)x; (void)y
  ;
  return 0;
}
configure:20157: gcc -c -g -O2 -D_DEFAULT_SOURCE -D_XOPEN_SOURCE=600 -DNDEBUG conftest.c >&5
configure:20160: $? = 0
configure:20163: test -s conftest.o
configure:20166: $? = 0
configure:20178: result: unistd.h
configure:20195: checking if external environ is declared
configure:20218: gcc -c -g -O2 -D_DEFAULT_SOURCE -D_XOPEN_SOURCE=600 -DNDEBUG conftest.c >&5
configure: In function 'main':
configure:20211:15: error: 'environ' undeclared (first use in this function)
20211 | {
      |               ^      
configure:20211:15: note: each undeclared identifier is reported only once for each function it appears in
configure:20221: $? = 1
configure: failed program was:
#line 20202 "configure"
#include "confdefs.h"

#ifdef HAVE_STDLIB_H
#include <stdlib.h>
#endif
#include <unistd.h>
int
main (void)
{
int x = (int) environ
  ;
  return 0;
}
configure:20238: result: no
configure:20253: checking if external environ exists
configure:20275: gcc -o conftest -g -O2 -D_DEFAULT_SOURCE -D_XOPEN_SOURCE=600 -DNDEBUG  conftest.c  >&5
configure:20278: $? = 0
configure:20281: test -s conftest
configure:20284: $? = 0
configure:20295: result: yes
configure:20308: checking for getenv
configure:20345: gcc -o conftest -g -O2 -D_DEFAULT_SOURCE -D_XOPEN_SOURCE=600 -DNDEBUG  conftest.c  >&5
configure:20348: $? = 0
configure:20351: test -s conftest
configure:20354: $? = 0
configure:20364: result: yes
configure:20370: checking for putenv
configure:20407: gcc -o conftest -g -O2 -D_DEFAULT_SOURCE -D_XOPEN_SOURCE=600 -DNDEBUG  conftest.c  >&5
configure:20410: $? = 0
configure:20413: test -s conftest
configure:20416: $? = 0
configure:20426: result: yes
configure:20370: checking for setenv
configure:20407: gcc -o conftest -g -O2 -D_DEFAULT_SOURCE -D_XOPEN_SOURCE=600 -DNDEBUG  conftest.c  >&5
configure:20410: $? = 0
configure:20413: test -s conftest
configure:20416: $? = 0
configure:20426: result: yes
configure:20370: checking for strdup
configure:20407: gcc -o conftest -g -O2 -D_DEFAULT_SOURCE -D_XOPEN_SOURCE=600 -DNDEBUG  conftest.c  >&5
configure:20387:6: warning: conflicting types for built-in function 'strdup'; expected 'char *(const char *)' [-Wbuiltin-declaration-mismatch]
20387 |    builtin and then its argument prototype would still apply.  */
      |      ^~~~~~
configure:20410: $? = 0
configure:20413: test -s conftest
configure:20416: $? = 0
configure:20426: result: yes
configure:20436: checking if getenv returns consistent values
configure:20555: gcc -o conftest -g -O2 -D_DEFAULT_SOURCE -D_XOPEN_SOURCE=600 -DNDEBUG  conftest.c  >&5
configure:20558: $? = 0
configure:20560: ./conftest
configure:20563: $? = 0
configure:20576: result: yes
configure:20595: checking if sys/time.h works with sys/select.h
configure:20622: gcc -c -g -O2 -D_DEFAULT_SOURCE -D_XOPEN_SOURCE=600 -DNDEBUG conftest.c >&5
configure:20625: $? = 0
configure:20628: test -s conftest.o
configure:20631: $? = 0
configure:20643: result: yes
configure:20658: checking for an ANSI C-conforming const
configure:20722: gcc -c -g -O2 -D_DEFAULT_SOURCE -D_XOPEN_SOURCE=600 -DNDEBUG conftest.c >&5
configure:20725: $? = 0
configure:20728: test -s conftest.o
configure:20731: $? = 0
configure:20741: result: yes
configure:20751: checking for inline
configure:20768: gcc -c -g -O2 -D_DEFAULT_SOURCE -D_XOPEN_SOURCE=600 -DNDEBUG conftest.c >&5
configure:20771: $? = 0
configure:20774: test -s conftest.o
configure:20777: $? = 0
configure:20788: result: inline
configure:20814: checking if gcc supports options to tune inlining
configure:20835: gcc -c -g -O2 --param max-inline-insns-single=1200 -D_DEFAULT_SOURCE -D_XOPEN_SOURCE=600 -DNDEBUG conftest.c >&5
configure:20838: $? = 0
configure:20841: test -s conftest.o
configure:20844: $? = 0
configure:20856: result: yes
configure:20962: checking for signal global datatype
configure:20998: gcc -c -g -O2 --param max-inline-insns-single=1200 -D_DEFAULT_SOURCE -D_XOPEN_SOURCE=600 -DNDEBUG conftest.c >&5
configure:21001: $? = 0
configure:21004: test -s conftest.o
configure:21007: $? = 0
configure:21021: result: volatile sig_atomic_t
configure:21110: checking if unsigned literals are legal
configure:21129: gcc -c -g -O2 --param max-inline-insns-single=1200 -D_DEFAULT_SOURCE -D_XOPEN_SOURCE=600 -DNDEBUG conftest.c >&5
configure:21132: $? = 0
configure:21135: test -s conftest.o
configure:21138: $? = 0
configure:21150: result: yes
configure:21166: checking if external errno is declared
configure:21191: gcc -c -g -O2 --param max-inline-insns-single=1200 -D_DEFAULT_SOURCE -D_XOPEN_SOURCE=600 -DNDEBUG conftest.c >&5
configure:21194: $? = 0
configure:21197: test -s conftest.o
configure:21200: $? = 0
configure:21211: result: yes
configure:21226: checking if external errno exists
configure:21248: gcc -o conftest -g -O2 --param max-inline-insns-single=1200 -D_DEFAULT_SOURCE -D_XOPEN_SOURCE=600 -DNDEBUG  conftest.c  >&5
/usr/bin/ld: errno: TLS definition in /lib/x86_64-linux-gnu/libc.so.6 section .tbss mismatches non-TLS reference in /tmp/ccRVTE3Z.o
/usr/bin/ld: /lib/x86_64-linux-gnu/libc.so.6: error adding symbols: bad value
collect2: error: ld returned 1 exit status
configure:21251: $? = 1
configure: failed program was:
#line 21233 "configure"
#include "confdefs.h"

#undef errno
extern int errno;

int
main (void)
{
errno = 2
  ;
  return 0;
}
configure:21268: result: no
configure:21281: checking if data-only library module links
configure:21292: gcc -c -g -O2 --param max-inline-insns-single=1200 -D_DEFAULT_SOURCE -D_XOPEN_SOURCE=600 -DNDEBUG conftest.c >&5
configure:21295: $? = 0
configure:21315: gcc -c -g -O2 --param max-inline-insns-single=1200 -D_DEFAULT_SOURCE -D_XOPEN_SOURCE=600 -DNDEBUG conftest.c >&5
configure:21318: $? = 0
configure:21342: gcc -o conftest -g -O2 --param max-inline-insns-single=1200 -D_DEFAULT_SOURCE -D_XOPEN_SOURCE=600 -DNDEBUG  conftest.c conftest.a  >&5
configure:21345: $? = 0
configure:21347: ./conftest
configure:21350: $? = 0
configure:21365: result: yes
configure:21409: checking for getcwd
configure:21446: gcc -o conftest -g -O2 --param max-inline-insns-single=1200 -D_DEFAULT_SOURCE -D_XOPEN_SOURCE=600 -DNDEBUG  conftest.c  >&5
configure:21449: $? = 0
configure:21452: test -s conftest
configure:21455: $? = 0
configure:21465: result: yes
configure:21409: checking for getegid
configure:21446: gcc -o conftest -g -O2 --param max-inline-insns-single=1200 -D_DEFAULT_SOURCE -D_XOPEN_SOURCE=600 -DNDEBUG  conftest.c  >&5
configure:21449: $? = 0
configure:21452: test -s conftest
configure:21455: $? = 0
configure:21465: result: yes
configure:21409: checking for geteuid
configure:21446: gcc -o conftest -g -O2 --param max-inline-insns-single=1200 -D_DEFAULT_SOURCE -D_XOPEN_SOURCE=600 -DNDEBUG  conftest.c  >&5
configure:21449: $? = 0
configure:21452: test -s conftest
configure:21455: $? = 0
configure:21465: result: yes
configure:21409: checking for getopt
configure:21446: gcc -o conftest -g -O2 --param max-inline-insns-single=1200 -D_DEFAULT_SOURCE -D_XOPEN_SOURCE=600 -DNDEBUG  conftest.c  >&5
configure:21449: $? = 0
configure:21452: test -s conftest
configure:21455: $? = 0
configure:21465: result: yes
configure:21409: checking for getttynam
configure:21446: gcc -o conftest -g -O2 --param max-inline-insns-single=1200 -D_DEFAULT_SOURCE -D_XOPEN_SOURCE=600 -DNDEBUG  conftest.c  >&5
configure:21449: $? = 0
configure:21452: test -s conftest
configure:21455: $? = 0
configure:21465: result: yes
configure:21409: checking for issetugid
configure:21446: gcc -o conftest -g -O2 --param max-inline-insns-single=1200 -D_DEFAULT_SOURCE -D_XOPEN_SOURCE=600 -DNDEBUG  conftest.c  >&5
/usr/bin/ld: /tmp/cc5IP3K2.o: in function `main':
/home/sindre/stacksy/ncurses/configure:21439: undefined reference to `issetugid'
collect2: error: ld returned 1 exit status
configure:21449: $? = 1
configure: failed program was:
#line 21415 "configure"
#include "confdefs.h"
#define issetugid autoconf_temporary
#include <limits.h>	/* least-intrusive standard header which defines gcc2 __stub macros */
#undef issetugid

#ifdef __cplusplus
extern "C"
#endif

/* We use char because int might match the return type of a gcc2
   builtin and then its argument prototype would still apply.  */
char issetugid (void);

int
main (void)
{

/* The GNU C library defines stubs for functions which it implements
    to always fail with ENOSYS.  Some functions are actually named
    something starting with __ and the normal name is an alias.  */
#if defined (__stub_issetugid) || defined (__stub___issetugid)
#error found stub for issetugid
#endif

	return issetugid ();
  ;
  return 0;
}
configure:21465: result: no
configure:21409: checking for localeconv
configure:21446: gcc -o conftest -g -O2 --param max-inline-insns-single=1200 -D_DEFAULT_SOURCE -D_XOPEN_SOURCE=600 -DNDEBUG  conftest.c  >&5
configure:21449: $? = 0
configure:21452: test -s conftest
configure:21455: $? = 0
configure:21465: result: yes
configure:21409: checking for poll
configure:21446: gcc -o conftest -g -O2 --param max-inline-insns-single=1200 -D_DEFAULT_SOURCE -D_XOPEN_SOURCE=600 -DNDEBUG  conftest.c  >&5
configure:21449: $? = 0
configure:21452: test -s conftest
configure:21455: $? = 0
configure:21465: result: yes
configure:21409: checking for putenv
configure:21465: result: yes
configure:21409: checking for remove
configure:21465: result: yes
configure:21409: checking for select
configure:21446: gcc -o conftest -g -O2 --param max-inline-insns-single=1200 -D_DEFAULT_SOURCE -D_XOPEN_SOURCE=600 -DNDEBUG  conftest.c  >&5
configure:21449: $? = 0
configure:21452: test -s conftest
configure:21455: $? = 0
configure:21465: result: yes
configure:21409: checking for setbuf
configure:21446: gcc -o conftest -g -O2 --param max-inline-insns-single=1200 -D_DEFAULT_SOURCE -D_XOPEN_SOURCE=600 -DNDEBUG  conftest.c  >&5
configure:21449: $? = 0
configure:21452: test -s conftest
configure:21455: $? = 0
configure:21465: result: yes
configure:21409: checking for setbuffer
configure:21446: gcc -o conftest -g -O2 --param max-inline-insns-single=1200 -D_DEFAULT_SOURCE -D_XOPEN_SOURCE=600 -DNDEBUG  conftest.c  >&5
configure:21449: $? = 0
configure:21452: test -s conftest
configure:21455: $? = 0
configure:21465: result: yes
configure:21409: checking for setenv
configure:21465: result: yes
configure:21409: checking for setfsuid
configure:21446: gcc -o conftest -g -O2 --param max-inline-insns-single=1200 -D_DEFAULT_SOURCE -D_XOPEN_SOURCE=600 -DNDEBUG  conftest.c  >&5
configure:21449: $? = 0
configure:21452: test -s conftest
configure:21455: $? = 0
configure:21465: result: yes
configure:21409: checking for setvbuf
configure:21446: gcc -o conftest -g -O2 --param max-inline-insns-single=1200 -D_DEFAULT_SOURCE -D_XOPEN_SOURCE=600 -DNDEBUG  conftest.c  >&5
configure:21449: $? = 0
configure:21452: test -s conftest
configure:21455: $? = 0
configure:21465: result: yes
configure:21409: checking for sigaction
configure:21446: gcc -o conftest -g -O2 --param max-inline-insns-single=1200 -D_DEFAULT_SOURCE -D_XOPEN_SOURCE=600 -DNDEBUG  conftest.c  >&5
configure:21449: $? = 0
configure:21452: test -s conftest
configure:21455: $? = 0
configure:21465: result: yes
configure:21409: checking for sigvec
configure:21446: gcc -o conftest -g -O2 --param max-inline-insns-single=1200 -D_DEFAULT_SOURCE -D_XOPEN_SOURCE=600 -DNDEBUG  conftest.c  >&5
/usr/bin/ld: /tmp/ccd8SQ7e.o: in function `main':
/home/sindre/stacksy/ncurses/configure:21439: undefined reference to `sigvec'
collect2: error: ld returned 1 exit status
configure:21449: $? = 1
configure: failed program was:
#line 21415 "configure"
#include "confdefs.h"
#define sigvec autoconf_temporary
#include <limits.h>	/* least-intrusive standard header which defines gcc2 __stub macros */
#undef sigvec

#ifdef __cplusplus
extern "C"
#endif

/* We use char because int might match the return type of a gcc2
   builtin and then its argument prototype would still apply.  */
char sigvec (void);

int
main (void)
{

/* The GNU C library defines stubs for functions which it implements
    to always fail with ENOSYS.  Some functions are actually named
    something starting with __ and the normal name is an alias.  */
#if defined (__stub_sigvec) || defined (__stub___sigvec)
#error found stub for sigvec
#endif

	return sigvec ();
  ;
  return 0;
}
configure:21465: result: no
configure:21409: checking for snprintf
configure:21446: gcc -o conftest -g -O2 --param max-inline-insns-single=1200 -D_DEFAULT_SOURCE -D_XOPEN_SOURCE=600 -DNDEBUG  conftest.c  >&5
configure:21426:6: warning: conflicting types for built-in function 'snprintf'; expected 'int(char *, long unsigned int,  const char *, ...)' [-Wbuiltin-declaration-mismatch]
21426 |    builtin and then its argument prototype would still apply.  */
      |      ^~~~~~~~
configure:21418:1: note: 'snprintf' is declared in header '<stdio.h>'
21417 | #define $ac_func autoconf_temporary
  +++ |+#include <stdio.h>
21418 | #include <limits.h> /* least-intrusive standard header which defines gcc2 __stub macros */
configure:21449: $? = 0
configure:21452: test -s conftest
configure:21455: $? = 0
configure:21465: result: yes
configure:21409: checking for strdup
configure:21465: result: yes
configure:21409: checking for strstr
configure:21446: gcc -o conftest -g -O2 --param max-inline-insns-single=1200 -D_DEFAULT_SOURCE -D_XOPEN_SOURCE=600 -DNDEBUG  conftest.c  >&5
configure:21426:6: warning: conflicting types for built-in function 'strstr'; expected 'char *(const char *, const char *)' [-Wbuiltin-declaration-mismatch]
21426 |    builtin and then its argument prototype would still apply.  */
      |      ^~~~~~
configure:21418:1: note: 'strstr' is declared in header '<string.h>'
21417 | #define $ac_func autoconf_temporary
  +++ |+#include <string.h>
21418 | #include <limits.h> /* least-intrusive standard header which defines gcc2 __stub macros */
configure:21449: $? = 0
configure:21452: test -s conftest
configure:21455: $? = 0
configure:21465: result: yes
configure:21409: checking for sysconf
configure:21446: gcc -o conftest -g -O2 --param max-inline-insns-single=1200 -D_DEFAULT_SOURCE -D_XOPEN_SOURCE=600 -DNDEBUG  conftest.c  >&5
configure:21449: $? = 0
configure:21452: test -s conftest
configure:21455: $? = 0
configure:21465: result: yes
configure:21409: checking for tcgetpgrp
configure:21446: gcc -o conftest -g -O2 --param max-inline-insns-single=1200 -D_DEFAULT_SOURCE -D_XOPEN_SOURCE=600 -DNDEBUG  conftest.c  >&5
configure:21449: $? = 0
configure:21452: test -s conftest
configure:21455: $? = 0
configure:21465: result: yes
configure:21409: checking for times
configure:21446: gcc -o conftest -g -O2 --param max-inline-insns-single=1200 -D_DEFAULT_SOURCE -D_XOPEN_SOURCE=600 -DNDEBUG  conftest.c  >&5
configure:21449: $? = 0
configure:21452: test -s conftest
configure:21455: $? = 0
configure:21465: result: yes
configure:21409: checking for tsearch
configure:21446: gcc -o conftest -g -O2 --param max-inline-insns-single=1200 -D_DEFAULT_SOURCE -D_XOPEN_SOURCE=600 -DNDEBUG  conftest.c  >&5
configure:21449: $? = 0
configure:21452: test -s conftest
configure:21455: $? = 0
configure:21465: result: yes
configure:21409: checking for vsnprintf
configure:21446: gcc -o conftest -g -O2 --param max-inline-insns-single=1200 -D_DEFAULT_SOURCE -D_XOPEN_SOURCE=600 -DNDEBUG  conftest.c  >&5
configure:21426:6: warning: conflicting types for built-in function 'vsnprintf'; expected 'int(char *, long unsigned int,  const char *, __va_list_tag *)' [-Wbuiltin-declaration-mismatch]
21426 |    builtin and then its argument prototype would still apply.  */
      |      ^~~~~~~~~
configure:21418:1: note: 'vsnprintf' is declared in header '<stdio.h>'
21417 | #define $ac_func autoconf_temporary
  +++ |+#include <stdio.h>
21418 | #include <limits.h> /* least-intrusive standard header which defines gcc2 __stub macros */
configure:21449: $? = 0
configure:21452: test -s conftest
configure:21455: $? = 0
configure:21465: result: yes
configure:21620: checking for isascii
configure:21639: gcc -o conftest -g -O2 --param max-inline-insns-single=1200 -D_DEFAULT_SOURCE -D_XOPEN_SOURCE=600 -DNDEBUG  conftest.c  >&5
configure:21642: $? = 0
configure:21645: test -s conftest
configure:21648: $? = 0
configure:21659: result: yes
configure:21667: checking whether sigaction needs _POSIX_SOURCE
configure:21684: gcc -c -g -O2 --param max-inline-insns-single=1200 -D_DEFAULT_SOURCE -D_XOPEN_SOURCE=600 -DNDEBUG conftest.c >&5
configure:21687: $? = 0
configure:21690: test -s conftest.o
configure:21693: $? = 0
configure:21741: result: no
configure:21745: checking if nanosleep really works
configure:21780: gcc -o conftest -g -O2 --param max-inline-insns-single=1200 -D_DEFAULT_SOURCE -D_XOPEN_SOURCE=600 -DNDEBUG  conftest.c  >&5
configure:21783: $? = 0
configure:21785: ./conftest
configure:21788: $? = 0
configure:21800: result: yes
configure:21817: checking for termio.h
configure:21827: gcc -E -D_DEFAULT_SOURCE -D_XOPEN_SOURCE=600 -DNDEBUG conftest.c
configure:21833: $? = 0
configure:21852: result: yes
configure:21817: checking for termios.h
configure:21827: gcc -E -D_DEFAULT_SOURCE -D_XOPEN_SOURCE=600 -DNDEBUG conftest.c
configure:21833: $? = 0
configure:21852: result: yes
configure:21817: checking for unistd.h
configure:21852: result: yes
configure:21817: checking for sys/ioctl.h
configure:21852: result: yes
configure:21817: checking for sys/termio.h
configure:21827: gcc -E -D_DEFAULT_SOURCE -D_XOPEN_SOURCE=600 -DNDEBUG conftest.c
configure:21824:10: fatal error: sys/termio.h: No such file or directory
21824 | #include "confdefs.h"
      |          ^~~~~~~~~~~~  
compilation terminated.
configure:21833: $? = 1
configure: failed program was:
#line 21823 "configure"
#include "confdefs.h"
#include <sys/termio.h>
configure:21852: result: no
configure:21869: checking whether termios.h needs _POSIX_SOURCE
configure:21884: gcc -c -g -O2 --param max-inline-insns-single=1200 -D_DEFAULT_SOURCE -D_XOPEN_SOURCE=600 -DNDEBUG conftest.c >&5
configure:21887: $? = 0
configure:21890: test -s conftest.o
configure:21893: $? = 0
configure:21940: result: no
configure:21945: checking for tcgetattr
configure:21980: gcc -o conftest -g -O2 --param max-inline-insns-single=1200 -D_DEFAULT_SOURCE -D_XOPEN_SOURCE=600 -DNDEBUG  conftest.c  >&5
configure:21983: $? = 0
configure:21986: test -s conftest
configure:21989: $? = 0
configure:21999: result: yes
configure:22006: checking for vsscanf function or workaround
configure:22029: gcc -o conftest -g -O2 --param max-inline-insns-single=1200 -D_DEFAULT_SOURCE -D_XOPEN_SOURCE=600 -DNDEBUG  conftest.c  >&5
configure:22032: $? = 0
configure:22035: test -s conftest
configure:22038: $? = 0
configure:22131: result: vsscanf
configure:22157: checking for unistd.h
configure:22192: result: yes
configure:22202: checking for working mkstemp
configure:22254: gcc -o conftest -g -O2 --param max-inline-insns-single=1200 -D_DEFAULT_SOURCE -D_XOPEN_SOURCE=600 -DNDEBUG  conftest.c  >&5
configure:22257: $? = 0
configure:22259: ./conftest
configure:22262: $? = 0
configure:22277: result: yes
configure:22360: checking whether setvbuf arguments are reversed
configure:22388: gcc -o conftest -g -O2 --param max-inline-insns-single=1200 -D_DEFAULT_SOURCE -D_XOPEN_SOURCE=600 -DNDEBUG  conftest.c  >&5
configure: In function 'main':
configure:22380:23: warning: passing argument 2 of 'setvbuf' makes pointer from integer without a cast [-Wint-conversion]
22380 |      is not _IOLBF, _IONBF, or _IOFBF, and return nonzero.  */
      |                       ^~~~~~
      |                       |
      |                       int
In file included from configure:22372:
/usr/include/stdio.h:308:65: note: expected 'char * restrict' but argument is of type 'int'
  308 | extern int setvbuf (FILE *__restrict __stream, char *__restrict __buf,
      |                                                ~~~~~~~~~~~~~~~~~^~~~~
configure:22380:31: warning: passing argument 3 of 'setvbuf' makes integer from pointer without a cast [-Wint-conversion]
22380 |      is not _IOLBF, _IONBF, or _IOFBF, and return nonzero.  */
      |                               ^~~~~~~~~~~~~
      |                               |
      |                               char *
In file included from configure:22372:
/usr/include/stdio.h:309:11: note: expected 'int' but argument is of type 'char *'
  309 |       int __modes, size_t __n) __THROW;
      |       ~~~~^~~~~~~
configure:22391: $? = 0
configure:22393: ./conftest
configure:22396: $? = 1
configure: program exited with status 1
configure: failed program was:
#line 22371 "configure"
#include "confdefs.h"
#include <stdio.h>
/* If setvbuf has the reversed format, exit 0. */
int
main (void)
{
  /* This call has the arguments reversed.
     A reversed system may check and see that the address of main
     is not _IOLBF, _IONBF, or _IOFBF, and return nonzero.  */
  if (setvbuf(stdout, _IOLBF, (char *) main, BUFSIZ) != 0)
    return(1);
  putc('\r', stdout);
  return(0);			/* Non-reversed systems segv here.  */
}
configure:22409: result: no
configure:22420: checking for intptr_t
configure:22441: gcc -c -g -O2 --param max-inline-insns-single=1200 -D_DEFAULT_SOURCE -D_XOPEN_SOURCE=600 -DNDEBUG conftest.c >&5
configure:22444: $? = 0
configure:22447: test -s conftest.o
configure:22450: $? = 0
configure:22460: result: yes
configure:22472: checking for ssize_t
configure:22493: gcc -c -g -O2 --param max-inline-insns-single=1200 -D_DEFAULT_SOURCE -D_XOPEN_SOURCE=600 -DNDEBUG conftest.c >&5
configure:22496: $? = 0
configure:22499: test -s conftest.o
configure:22502: $? = 0
configure:22512: result: yes
configure:22524: checking for type sigaction_t
configure:22544: gcc -c -g -O2 --param max-inline-insns-single=1200 -D_DEFAULT_SOURCE -D_XOPEN_SOURCE=600 -DNDEBUG conftest.c >&5
configure: In function 'main':
configure:22537:1: error: unknown type name 'sigaction_t'
22537 | {
      | ^          
configure:22547: $? = 1
configure: failed program was:
#line 22531 "configure"
#include "confdefs.h"

#include <signal.h>
int
main (void)
{
sigaction_t x
  ;
  return 0;
}
configure:22564: result: no
configure:22571: checking declaration of size-change
configure:22642: gcc -c -g -O2 --param max-inline-insns-single=1200 -D_DEFAULT_SOURCE -D_XOPEN_SOURCE=600 -DNDEBUG conftest.c >&5
configure:22645: $? = 0
configure:22648: test -s conftest.o
configure:22651: $? = 0
size-change succeeded ()
configure:22670: result: yes
configure:22688: checking for memmove
configure:22725: gcc -o conftest -g -O2 --param max-inline-insns-single=1200 -D_DEFAULT_SOURCE -D_XOPEN_SOURCE=600 -DNDEBUG  conftest.c  >&5
configure:22705:6: warning: conflicting types for built-in function 'memmove'; expected 'void *(void *, const void *, long unsigned int)' [-Wbuiltin-declaration-mismatch]
22705 |    builtin and then its argument prototype would still apply.  */
      |      ^~~~~~~
configure:22697:1: note: 'memmove' is declared in header '<string.h>'
22696 | #define memmove autoconf_temporary
  +++ |+#include <string.h>
22697 | #include <limits.h> /* least-intrusive standard header which defines gcc2 __stub macros */
configure:22728: $? = 0
configure:22731: test -s conftest
configure:22734: $? = 0
configure:22744: result: yes
configure:22948: checking if poll really works
configure:23010: gcc -o conftest -g -O2 --param max-inline-insns-single=1200 -D_DEFAULT_SOURCE -D_XOPEN_SOURCE=600 -DNDEBUG  conftest.c  >&5
configure:23013: $? = 0
configure:23015: ./conftest
configure:23018: $? = 0
configure:23030: result: yes
configure:23037: checking for va_copy
configure:23061: gcc -o conftest -g -O2 --param max-inline-insns-single=1200 -D_DEFAULT_SOURCE -D_XOPEN_SOURCE=600 -DNDEBUG  conftest.c  >&5
configure:23064: $? = 0
configure:23067: test -s conftest
configure:23070: $? = 0
configure:23080: result: yes
configure:23310: checking for pid_t
configure:23331: gcc -c -g -O2 --param max-inline-insns-single=1200 -D_DEFAULT_SOURCE -D_XOPEN_SOURCE=600 -DNDEBUG conftest.c >&5
configure:23334: $? = 0
configure:23337: test -s conftest.o
configure:23340: $? = 0
configure:23350: result: yes
configure:23365: checking for unistd.h
configure:23400: result: yes
configure:23365: checking for vfork.h
configure:23375: gcc -E -D_DEFAULT_SOURCE -D_XOPEN_SOURCE=600 -DNDEBUG conftest.c
configure:23372:10: fatal error: vfork.h: No such file or directory
23372 | #include "confdefs.h"
      |          ^~~~~~~~~
compilation terminated.
configure:23381: $? = 1
configure: failed program was:
#line 23371 "configure"
#include "confdefs.h"
#include <vfork.h>
configure:23400: result: no
configure:23413: checking for fork
configure:23450: gcc -o conftest -g -O2 --param max-inline-insns-single=1200 -D_DEFAULT_SOURCE -D_XOPEN_SOURCE=600 -DNDEBUG  conftest.c  >&5
configure:23430:6: warning: conflicting types for built-in function 'fork'; expected 'int(void)' [-Wbuiltin-declaration-mismatch]
23430 |    builtin and then its argument prototype would still apply.  */
      |      ^~~~
configure:23453: $? = 0
configure:23456: test -s conftest
configure:23459: $? = 0
configure:23469: result: yes
configure:23413: checking for vfork
configure:23450: gcc -o conftest -g -O2 --param max-inline-insns-single=1200 -D_DEFAULT_SOURCE -D_XOPEN_SOURCE=600 -DNDEBUG  conftest.c  >&5
configure:23453: $? = 0
configure:23456: test -s conftest
configure:23459: $? = 0
configure:23469: result: yes
configure:23481: checking for working fork
configure:23524: result: yes
configure:23543: checking for working vfork
configure:23669: result: yes
configure:23700: checking if fopen accepts explicit binary mode
configure:23743: gcc -o conftest -g -O2 --param max-inline-insns-single=1200 -D_DEFAULT_SOURCE -D_XOPEN_SOURCE=600 -DNDEBUG  conftest.c  >&5
configure:23746: $? = 0
configure:23748: ./conftest
configure:23751: $? = 0
configure:23764: result: yes
configure:23773: checking for openpty in -lutil
configure:23800: gcc -o conftest -g -O2 --param max-inline-insns-single=1200 -D_DEFAULT_SOURCE -D_XOPEN_SOURCE=600 -DNDEBUG  conftest.c -lutil   >&5
configure:23803: $? = 0
configure:23806: test -s conftest
configure:23809: $? = 0
configure:23820: result: yes
configure:23828: checking for openpty header
configure:23872: gcc -o conftest -g -O2 --param max-inline-insns-single=1200 -D_DEFAULT_SOURCE -D_XOPEN_SOURCE=600 -DNDEBUG  conftest.c -lutil  >&5
configure:23875: $? = 0
configure:23878: test -s conftest
configure:23881: $? = 0
configure:23899: result: pty.h
configure:24541: checking if we should include stdbool.h
configure:24561: gcc -c -O2 --param max-inline-insns-single=1200 -D_DEFAULT_SOURCE -D_XOPEN_SOURCE=600 -DNDEBUG conftest.c >&5
configure: In function 'main':
configure:24554:1: error: unknown type name 'bool'
24554 | {
      | ^   
configure:24554:12: error: 'false' undeclared (first use in this function)
24554 | {
      |            ^    
configure:24554:12: note: each undeclared identifier is reported only once for each function it appears in
configure:24564: $? = 1
configure: failed program was:
#line 24549 "configure"
#include "confdefs.h"

int
main (void)
{
bool foo = false
  ;
  return 0;
}
configure:24593: gcc -c -O2 --param max-inline-insns-single=1200 -D_DEFAULT_SOURCE -D_XOPEN_SOURCE=600 -DNDEBUG conftest.c >&5
configure:24596: $? = 0
configure:24599: test -s conftest.o
configure:24602: $? = 0
configure:24616: result: yes
configure:24622: checking for builtin bool type
configure:24645: gcc -c -O2 --param max-inline-insns-single=1200 -D_DEFAULT_SOURCE -D_XOPEN_SOURCE=600 -DNDEBUG conftest.c >&5
configure: In function 'main':
configure:24638:1: error: unknown type name 'bool'
24638 | {
      | ^   
configure:24638:10: error: 'false' undeclared (first use in this function); did you mean 'fclose'?
24638 | {
      |          ^    
      |          fclose
configure:24638:10: note: each undeclared identifier is reported only once for each function it appears in
configure:24648: $? = 1
configure: failed program was:
#line 24630 "configure"
#include "confdefs.h"

#include <stdio.h>
#include <sys/types.h>

int
main (void)
{
bool x = false
  ;
  return 0;
}
configure:24669: result: no
configure:24686: checking if we already have C++ library
configure:24703: /usr/bin/g++ -o conftest -O2 -D_DEFAULT_SOURCE -D_XOPEN_SOURCE=600 -DNDEBUG  conftest.cc   >&5
configure:24706: $? = 0
configure:24709: test -s conftest
configure:24712: $? = 0
configure:24721: result: yes
configure:24823: checking whether /usr/bin/g++ understands -c and -o together
configure:24838: /usr/bin/g++ -O2 -D_DEFAULT_SOURCE -D_XOPEN_SOURCE=600 -DNDEBUG -c conftest.cc -o conftest2.o >&5
configure:24841: $? = 0
configure:24843: /usr/bin/g++ -O2 -D_DEFAULT_SOURCE -D_XOPEN_SOURCE=600 -DNDEBUG -c conftest.cc -o conftest2.o >&5
configure:24846: $? = 0
configure:24857: result: yes
configure:25033: checking how to run the C++ preprocessor
configure:25055: /usr/bin/g++ -E -D_DEFAULT_SOURCE -D_XOPEN_SOURCE=600 -DNDEBUG conftest.cc
configure:25061: $? = 0
configure:25088: /usr/bin/g++ -E -D_DEFAULT_SOURCE -D_XOPEN_SOURCE=600 -DNDEBUG conftest.cc
configure:25085:10: fatal error: ac_nonexistent.h: No such file or directory
25085 | #include "confdefs.h"
      |          ^~~~~~~~~~~~      
compilation terminated.
configure:25094: $? = 1
configure: failed program was:
#line 25084 "configure"
#include "confdefs.h"
#include <ac_nonexistent.h>
configure:25131: result: /usr/bin/g++ -E
configure:25146: /usr/bin/g++ -E -D_DEFAULT_SOURCE -D_XOPEN_SOURCE=600 -DNDEBUG conftest.cc
configure:25152: $? = 0
configure:25179: /usr/bin/g++ -E -D_DEFAULT_SOURCE -D_XOPEN_SOURCE=600 -DNDEBUG conftest.cc
configure:25176:10: fatal error: ac_nonexistent.h: No such file or directory
25176 | #include "confdefs.h"
      |          ^~~~~~~~~~~~      
compilation terminated.
configure:25185: $? = 1
configure: failed program was:
#line 25175 "configure"
#include "confdefs.h"
#include <ac_nonexistent.h>
configure:25228: checking for typeinfo
configure:25238: /usr/bin/g++ -E -D_DEFAULT_SOURCE -D_XOPEN_SOURCE=600 -DNDEBUG conftest.cc
configure:25244: $? = 0
configure:25263: result: yes
configure:25276: checking for iostream
configure:25286: /usr/bin/g++ -E -D_DEFAULT_SOURCE -D_XOPEN_SOURCE=600 -DNDEBUG conftest.cc
configure:25292: $? = 0
configure:25311: result: yes
configure:25322: checking if iostream uses std-namespace
configure:25342: /usr/bin/g++ -c -O2 -D_DEFAULT_SOURCE -D_XOPEN_SOURCE=600 -DNDEBUG conftest.cc >&5
configure:25345: $? = 0
configure:25348: test -s conftest.o
configure:25351: $? = 0
configure:25360: result: yes
configure:25371: checking if we should include stdbool.h
configure:25446: result: yes
configure:25452: checking for builtin bool type
configure:25475: /usr/bin/g++ -c -O2 -D_DEFAULT_SOURCE -D_XOPEN_SOURCE=600 -DNDEBUG conftest.cc >&5
configure:25478: $? = 0
configure:25481: test -s conftest.o
configure:25484: $? = 0
configure:25497: result: yes
configure:25503: checking for bool
configure:25545: /usr/bin/g++ -c -O2 -D_DEFAULT_SOURCE -D_XOPEN_SOURCE=600 -DNDEBUG conftest.cc >&5
configure:25548: $? = 0
configure:25551: test -s conftest.o
configure:25554: $? = 0
configure:25564: result: yes
configure:25567: checking size of bool
configure:25836: /usr/bin/g++ -o conftest -O2 -D_DEFAULT_SOURCE -D_XOPEN_SOURCE=600 -DNDEBUG  conftest.cc  >&5
configure:25839: $? = 0
configure:25841: ./conftest
configure:25844: $? = 0
configure:25860: result: 1
configure:25866: checking for type of bool
configure:25927: /usr/bin/g++ -o conftest -O2 -D_DEFAULT_SOURCE -D_XOPEN_SOURCE=600 -DNDEBUG  conftest.cc  >&5
configure:25930: $? = 0
configure:25932: ./conftest
configure:25935: $? = 0
configure:25952: result: unsigned char
configure:25964: checking for special defines needed for etip.h
configure:25996: /usr/bin/g++ -c -O2 -I./c++ -I./menu -Iinclude -I./include -D_DEFAULT_SOURCE -D_XOPEN_SOURCE=600 -DNDEBUG conftest.cc >&5
In file included from configure:25984:
./c++/etip.h.in:117:10: fatal error: curses.h: No such file or directory
  117 | #include <curses.h>
      |          ^~~~~~~~~~
compilation terminated.
configure:25999: $? = 1
configure: failed program was:
#line 25982 "configure"
#include "confdefs.h"

#include <etip.h.in>

int
main (void)
{

  ;
  return 0;
}
configure:25996: /usr/bin/g++ -c -O2 -I./c++ -I./menu -Iinclude -I./include -DETIP_NEEDS_MATH_EXCEPTION -D_DEFAULT_SOURCE -D_XOPEN_SOURCE=600 -DNDEBUG conftest.cc >&5
In file included from configure:25984:
./c++/etip.h.in:117:10: fatal error: curses.h: No such file or directory
  117 | #include <curses.h>
      |          ^~~~~~~~~~
compilation terminated.
configure:25999: $? = 1
configure: failed program was:
#line 25982 "configure"
#include "confdefs.h"

#include <etip.h.in>

int
main (void)
{

  ;
  return 0;
}
configure:25996: /usr/bin/g++ -c -O2 -I./c++ -I./menu -Iinclude -I./include -DETIP_NEEDS_MATH_H -D_DEFAULT_SOURCE -D_XOPEN_SOURCE=600 -DNDEBUG conftest.cc >&5
In file included from configure:25984:
./c++/etip.h.in:117:10: fatal error: curses.h: No such file or directory
  117 | #include <curses.h>
      |          ^~~~~~~~~~
compilation terminated.
configure:25999: $? = 1
configure: failed program was:
#line 25982 "configure"
#include "confdefs.h"

#include <etip.h.in>

int
main (void)
{

  ;
  return 0;
}
configure:25996: /usr/bin/g++ -c -O2 -I./c++ -I./menu -Iinclude -I./include -DETIP_NEEDS_MATH_H -DETIP_NEEDS_MATH_EXCEPTION -D_DEFAULT_SOURCE -D_XOPEN_SOURCE=600 -DNDEBUG conftest.cc >&5
In file included from configure:25984:
./c++/etip.h.in:117:10: fatal error: curses.h: No such file or directory
  117 | #include <curses.h>
      |          ^~~~~~~~~~
compilation terminated.
configure:25999: $? = 1
configure: failed program was:
#line 25982 "configure"
#include "confdefs.h"

#include <etip.h.in>

int
main (void)
{

  ;
  return 0;
}
configure:26026: result: none
configure:26031: checking if /usr/bin/g++ accepts parameter initialization
configure:26067: /usr/bin/g++ -o conftest -O2 -D_DEFAULT_SOURCE -D_XOPEN_SOURCE=600 -DNDEBUG  conftest.cc  >&5
configure:26058:1: error: default argument given for parameter 1 of 'TEST::TEST(int)' [-fpermissive]
26058 | 
      | ^   
configure:26054:2: note: previous specification in 'TEST::TEST(int)' here
26054 | public:
      |  ^~~~
configure:26070: $? = 1
configure: program exited with status 1
configure: failed program was:
#line 26048 "configure"
#include "confdefs.h"

class TEST {
private:
	int value;
public:
	TEST(int x = 1);
	~TEST();
};

TEST::TEST(int x = 1)	// some compilers do not like second initializer
{
	value = x;
}
int main(void) { }

configure:26094: result: no
configure:26104: checking if /usr/bin/g++ accepts static_cast
configure:26162: /usr/bin/g++ -c -O2 -D_DEFAULT_SOURCE -D_XOPEN_SOURCE=600 -DNDEBUG conftest.cc >&5
configure:26165: $? = 0
configure:26168: test -s conftest.o
configure:26171: $? = 0
configure:26189: result: yes
configure:26752: checking for gnat
configure:26781: result: no
configure:26752: checking for gnatmake
configure:26781: result: no
configure:26752: checking for gprconfig
configure:26781: result: no
configure:26752: checking for gprbuild
configure:26781: result: no
configure:27632: checking for library subsets
configure:27686: result: ticlib+termlib+ext_tinfo+base+ext_funcs
configure:27717: checking default library suffix
configure:27728: result: 
configure:27731: checking default library-dependency suffix
configure:27814: result: .a
configure:27817: checking default object directory
configure:27833: result: objects
configure:27837: checking c++ library-dependency suffix
configure:27930: result: .a
configure:28106: checking if linker supports switching between static/dynamic
configure:28115: /usr/bin/g++ -c -O2 -I. -I../include -D_DEFAULT_SOURCE -D_XOPEN_SOURCE=600 -DNDEBUG conftest.cc >&5
configure:28118: $? = 0
configure:28147: /usr/bin/g++ -o conftest -O2 -I. -I../include -D_DEFAULT_SOURCE -D_XOPEN_SOURCE=600 -DNDEBUG  conftest.cc -static -L/home/sindre/stacksy/ncurses -lconftest   >&5
configure:28150: $? = 0
configure:28153: test -s conftest
configure:28156: $? = 0
configure:28179: result: no
configure:28195: checking where we will install curses.h
configure:28205: result: ${prefix}/include
configure:28241: checking for desired basename for form library
configure:28261: result: form
configure:28264: checking for desired basename for menu library
configure:28284: result: menu
configure:28287: checking for desired basename for panel library
configure:28307: result: panel
configure:28310: checking for desired basename for cxx library
configure:28330: result: ncurses++
configure:28336: checking for src modules
configure:28405: result: ncurses progs panel menu form
configure:28577: checking for defines to add to ncurses6-config script
configure:28593: result:  -D_DEFAULT_SOURCE -D_XOPEN_SOURCE=600
configure:28681: checking for linker search path
configure:28770: result: /lib/x86_64-linux-gnu /usr/lib/x86_64-linux-gnu /lib64 /usr/lib64 /usr/local/lib /lib /usr/lib
configure:28860: creating ./config.status

## ----------------------- ##
## Running config.status.  ##
## ----------------------- ##

This file was extended by config.status 2.52.20210509, executed with
  CONFIG_FILES    = 
  CONFIG_HEADERS  = 
  CONFIG_LINKS    = 
  CONFIG_COMMANDS = 
  > "./config.status "
on DESKTOP-RMPL6GF

config.status:29696: creating include/MKterm.h.awk
config.status:29696: creating include/curses.head
config.status:29696: creating include/ncurses_dll.h
config.status:29696: creating include/termcap.h
config.status:29696: creating include/unctrl.h
config.status:29696: creating man/Makefile
config.status:29696: creating include/Makefile
config.status:29696: creating ncurses/Makefile
config.status:29696: creating progs/Makefile
config.status:29696: creating panel/Makefile
config.status:29696: creating menu/Makefile
config.status:29696: creating form/Makefile
config.status:29696: creating test/Makefile
config.status:29696: creating misc/Makefile
config.status:29696: creating c++/Makefile
config.status:29696: creating misc/run_tic.sh
config.status:29696: creating misc/ncurses-config
config.status:29696: creating man/ncurses6-config.1
config.status:29696: creating Makefile
config.status:29849: creating include/ncurses_cfg.h

## ----------------- ##
## Cache variables.  ##
## ----------------- ##

ac_cv_build='x86_64-pc-linux-gnu'
ac_cv_build_alias='x86_64-pc-linux-gnu'
ac_cv_c_compiler_gnu='yes'
ac_cv_c_const='yes'
ac_cv_c_inline='inline'
ac_cv_cxx_compiler_gnu='yes'
ac_cv_env_CC_set=''
ac_cv_env_CC_value=''
ac_cv_env_CFLAGS_set=''
ac_cv_env_CFLAGS_value=''
ac_cv_env_CPPFLAGS_set=''
ac_cv_env_CPPFLAGS_value=''
ac_cv_env_CPP_set=''
ac_cv_env_CPP_value=''
ac_cv_env_CXXCPP_set=''
ac_cv_env_CXXCPP_value=''
ac_cv_env_CXXFLAGS_set=''
ac_cv_env_CXXFLAGS_value=''
ac_cv_env_CXX_set=''
ac_cv_env_CXX_value=''
ac_cv_env_LDFLAGS_set=''
ac_cv_env_LDFLAGS_value=''
ac_cv_env_build_alias_set=''
ac_cv_env_build_alias_value=''
ac_cv_env_host_alias_set=''
ac_cv_env_host_alias_value=''
ac_cv_env_target_alias_set=''
ac_cv_env_target_alias_value=''
ac_cv_func_fork='yes'
ac_cv_func_fork_works='yes'
ac_cv_func_fseeko='yes'
ac_cv_func_getcwd='yes'
ac_cv_func_getegid='yes'
ac_cv_func_getenv='yes'
ac_cv_func_geteuid='yes'
ac_cv_func_getopt='yes'
ac_cv_func_gettimeofday='yes'
ac_cv_func_getttynam='yes'
ac_cv_func_issetugid='no'
ac_cv_func_link='yes'
ac_cv_func_localeconv='yes'
ac_cv_func_memmove='yes'
ac_cv_func_poll='yes'
ac_cv_func_putenv='yes'
ac_cv_func_regcomp='yes'
ac_cv_func_remove='yes'
ac_cv_func_select='yes'
ac_cv_func_setbuf='yes'
ac_cv_func_setbuffer='yes'
ac_cv_func_setenv='yes'
ac_cv_func_setfsuid='yes'
ac_cv_func_setvbuf='yes'
ac_cv_func_setvbuf_reversed='no'
ac_cv_func_sigaction='yes'
ac_cv_func_sigvec='no'
ac_cv_func_snprintf='yes'
ac_cv_func_strdup='yes'
ac_cv_func_strstr='yes'
ac_cv_func_symlink='yes'
ac_cv_func_sysconf='yes'
ac_cv_func_tcgetpgrp='yes'
ac_cv_func_times='yes'
ac_cv_func_tsearch='yes'
ac_cv_func_unlink='yes'
ac_cv_func_vfork='yes'
ac_cv_func_vfork_works='yes'
ac_cv_func_vsnprintf='yes'
ac_cv_header_dirent_dirent_h='yes'
ac_cv_header_fcntl_h='yes'
ac_cv_header_getopt_h='yes'
ac_cv_header_gpm_h='no'
ac_cv_header_inttypes_h='yes'
ac_cv_header_iostream='yes'
ac_cv_header_limits_h='yes'
ac_cv_header_locale_h='yes'
ac_cv_header_math_h='yes'
ac_cv_header_memory_h='yes'
ac_cv_header_poll_h='yes'
ac_cv_header_stdc='yes'
ac_cv_header_stdint_h='yes'
ac_cv_header_stdlib_h='yes'
ac_cv_header_string_h='yes'
ac_cv_header_strings_h='yes'
ac_cv_header_sys_ioctl_h='yes'
ac_cv_header_sys_param_h='yes'
ac_cv_header_sys_poll_h='yes'
ac_cv_header_sys_select_h='yes'
ac_cv_header_sys_stat_h='yes'
ac_cv_header_sys_termio_h='no'
ac_cv_header_sys_time_h='yes'
ac_cv_header_sys_times_h='yes'
ac_cv_header_sys_types_h='yes'
ac_cv_header_termio_h='yes'
ac_cv_header_termios_h='yes'
ac_cv_header_time='yes'
ac_cv_header_ttyent_h='yes'
ac_cv_header_typeinfo='yes'
ac_cv_header_unistd_h='yes'
ac_cv_header_vfork_h='no'
ac_cv_header_wctype_h='yes'
ac_cv_host='x86_64-pc-linux-gnu'
ac_cv_host_alias='x86_64-pc-linux-gnu'
ac_cv_lib_dir_opendir='no'
ac_cv_lib_util_openpty='yes'
ac_cv_objext='o'
ac_cv_path_CXX='/usr/bin/g++'
ac_cv_path_EGREP='grep -E'
ac_cv_path_FGREP='grep -F'
ac_cv_path_LDCONFIG='/usr/sbin/ldconfig'
ac_cv_path_ac_pt_PKG_CONFIG='none'
ac_cv_path_install='/usr/bin/install -c'
ac_cv_prog_AWK='mawk'
ac_cv_prog_CPP='gcc -E'
ac_cv_prog_CXXCPP='/usr/bin/g++ -E'
ac_cv_prog_GREP='grep'
ac_cv_prog_MAKE_LOWER_TAGS='no'
ac_cv_prog_MAKE_UPPER_TAGS='no'
ac_cv_prog_ac_ct_AR='ar'
ac_cv_prog_ac_ct_CC='gcc'
ac_cv_prog_ac_ct_CXX='g++'
ac_cv_prog_ac_ct_INFOCMP='infocmp'
ac_cv_prog_ac_ct_LD='ld'
ac_cv_prog_ac_ct_NM='nm'
ac_cv_prog_ac_ct_RANLIB='ranlib'
ac_cv_prog_ac_ct_TIC='tic'
ac_cv_prog_cc_g='yes'
ac_cv_prog_cc_stdc=''
ac_cv_prog_cxx_g='yes'
ac_cv_prog_gcc_traditional='no'
ac_cv_prog_make_make_set='yes'
ac_cv_sizeof_bool='1'
ac_cv_sizeof_signed_char='1'
ac_cv_sys_file_offset_bits='no'
ac_cv_sys_large_files='no'
ac_cv_sys_largefile_CC='no'
ac_cv_sys_largefile_source='no'
ac_cv_sys_long_file_names='yes'
ac_cv_target='x86_64-pc-linux-gnu'
ac_cv_target_alias='x86_64-pc-linux-gnu'
ac_cv_type_bool='yes'
ac_cv_type_intptr_t='yes'
ac_cv_type_pid_t='yes'
ac_cv_type_signed_char='yes'
ac_cv_type_ssize_t='yes'
am_cv_langinfo_codeset='yes'
cf_cv_1UL='1U'
cf_cv_PATH_GNAT='no'
cf_cv_PATH_GNATMAKE='no'
cf_cv_PATH_GPRBUILD='no'
cf_cv_PATH_GPRCONFIG='no'
cf_cv_VERSION_GNAT='no'
cf_cv_VERSION_GNATMAKE='no'
cf_cv_VERSION_GPRBUILD='no'
cf_cv_VERSION_GPRCONFIG='no'
cf_cv_abi_version='6'
cf_cv_ar_flags='-curvU'
cf_cv_builtin_bool='1'
cf_cv_c11_noreturn='no,'
cf_cv_cc_bool_type='0'
cf_cv_consistent_getenv='yes'
cf_cv_cpp_param_init='no'
cf_cv_cpp_static_cast='yes'
cf_cv_dcl_environ='no'
cf_cv_dcl_errno='yes'
cf_cv_define_sigwinch='yes'
cf_cv_do_reranlib='no'
cf_cv_do_symlinks='yes'
cf_cv_enable_lp64='1'
cf_cv_enable_opaque='NCURSES_OPAQUE'
cf_cv_enable_reentrant='0'
cf_cv_fopen_bin_r='yes'
cf_cv_func_mkstemp='yes'
cf_cv_func_nanosleep='yes'
cf_cv_func_openpty='pty.h'
cf_cv_func_vsscanf='vsscanf'
cf_cv_gcc_inline='yes'
cf_cv_getopt_header='unistd.h'
cf_cv_gnu_dftsrc_219='yes'
cf_cv_gnu_library='yes'
cf_cv_gnu_library_219='yes'
cf_cv_have_environ='yes'
cf_cv_have_errno='no'
cf_cv_have_isascii='yes'
cf_cv_have_tcgetattr='yes'
cf_cv_have_va_copy='yes'
cf_cv_header_stdbool_h='1'
cf_cv_install_p='yes'
cf_cv_ld_searchpath='/lib/x86_64-linux-gnu /usr/lib/x86_64-linux-gnu /lib64 /usr/lib64 /usr/local/lib /lib /usr/lib'
cf_cv_lib_util='yes'
cf_cv_link_dataonly='yes'
cf_cv_link_funcs=' link symlink'
cf_cv_make_PHONY='yes'
cf_cv_makeflags=''
cf_cv_mixedcase='yes'
cf_cv_need_libm='yes'
cf_cv_posix_visible='no'
cf_cv_prog_CC_c_o='yes'
cf_cv_prog_CXX_c_o='yes'
cf_cv_prog_gnat_correct='no'
cf_cv_regex_hdrs='regex.h'
cf_cv_rel_version='6.3'
cf_cv_rm_so_locs='no'
cf_cv_shared_soname='`basename $@ .${REL_VERSION}`.${ABI_VERSION}'
cf_cv_shlib_version='rel'
cf_cv_shlib_version_infix='no'
cf_cv_sig_atomic_t='volatile sig_atomic_t'
cf_cv_sizechange='yes'
cf_cv_src_modules='ncurses progs panel menu form'
cf_cv_struct_dirent64='no'
cf_cv_sys_time_select='yes'
cf_cv_system_name='linux-gnu'
cf_cv_timestamp='Sun Nov 14 13:16:13 CET 2021'
cf_cv_type_of_bool='unsigned char'
cf_cv_type_sigaction='no'
cf_cv_typeof_chtype='uint32_t'
cf_cv_typeof_mmask_t='uint32_t'
cf_cv_unsigned_literals='yes'
cf_cv_working_poll='yes'

## ------------ ##
## confdefs.h.  ##
## ------------ ##

#define PACKAGE "ncurses"
#define NCURSES_VERSION "6.3"
#define NCURSES_PATCHDATE 20211106
#define SYSTEM_NAME "linux-gnu"
#ifdef __cplusplus
#include <stdlib.h>
#endif
#define HAVE_LONG_FILE_NAMES 1
#define MIXEDCASE_FILENAMES 1
#define TERMINFO_DIRS "/usr/share/terminfo"
#define TERMINFO "/usr/share/terminfo"
#define HAVE_BIG_CORE 1
#define PURE_TERMINFO 1
#define USE_HOME_TERMINFO 1
#define USE_ROOT_ENVIRON 1
#define USE_ROOT_ACCESS 1
#define HAVE_UNISTD_H 1
#define HAVE_REMOVE 1
#define HAVE_UNLINK 1
#define HAVE_LINK 1
#define HAVE_SYMLINK 1
#define USE_LINKS 1
#define HAVE_LANGINFO_CODESET 1
#define HAVE_FSEEKO 1
#define RGB_PATH "/usr/share/X11/rgb.txt"
#define STDC_HEADERS 1
#define HAVE_SYS_TYPES_H 1
#define HAVE_SYS_STAT_H 1
#define HAVE_STDLIB_H 1
#define HAVE_STRING_H 1
#define HAVE_MEMORY_H 1
#define HAVE_STRINGS_H 1
#define HAVE_INTTYPES_H 1
#define HAVE_STDINT_H 1
#define HAVE_UNISTD_H 1
#define SIZEOF_SIGNED_CHAR 1
#define NCURSES_EXT_FUNCS 1
#define HAVE_ASSUME_DEFAULT_COLORS 1
#define HAVE_CURSES_VERSION 1
#define HAVE_HAS_KEY 1
#define HAVE_RESIZETERM 1
#define HAVE_RESIZE_TERM 1
#define HAVE_TERM_ENTRY_H 1
#define HAVE_USE_DEFAULT_COLORS 1
#define HAVE_USE_EXTENDED_NAMES 1
#define HAVE_USE_SCREEN 1
#define HAVE_USE_WINDOW 1
#define HAVE_WRESIZE 1
#define NCURSES_SP_FUNCS 1
#define HAVE_TPUTS_SP 1
#define NCURSES_EXT_PUTWIN 1
#define NCURSES_NO_PADDING 1
#define USE_SIGWINCH 1
#define NCURSES_WRAP_PREFIX "_nc_"
#define USE_ASSUMED_COLOR 1
#define USE_HASHMAP 1
#define GCC_SCANF 1
#define GCC_SCANF 1
#define GCC_SCANFLIKE(fmt,var) __attribute__((format(scanf,fmt,var)))
#define GCC_PRINTF 1
#define GCC_PRINTF 1
#define GCC_PRINTFLIKE(fmt,var) __attribute__((format(printf,fmt,var)))
#define GCC_UNUSED __attribute__((unused))
#define GCC_UNUSED __attribute__((unused))
#define GCC_NORETURN __attribute__((noreturn))
#define GCC_NORETURN __attribute__((noreturn))
#define HAVE_NC_ALLOC_H 1
#define HAVE_GETTIMEOFDAY 1
#define STDC_HEADERS 1
#define HAVE_DIRENT_H 1
#define TIME_WITH_SYS_TIME 1
#define HAVE_REGEX_H_FUNCS 1
#define HAVE_FCNTL_H 1
#define HAVE_GETOPT_H 1
#define HAVE_LIMITS_H 1
#define HAVE_LOCALE_H 1
#define HAVE_MATH_H 1
#define HAVE_POLL_H 1
#define HAVE_SYS_IOCTL_H 1
#define HAVE_SYS_PARAM_H 1
#define HAVE_SYS_POLL_H 1
#define HAVE_SYS_SELECT_H 1
#define HAVE_SYS_TIME_H 1
#define HAVE_SYS_TIMES_H 1
#define HAVE_TTYENT_H 1
#define HAVE_UNISTD_H 1
#define HAVE_WCTYPE_H 1
#define HAVE_UNISTD_H 1
#define HAVE_GETOPT_H 1
#define HAVE_GETOPT_HEADER 1
#define DECL_ENVIRON 1
#define HAVE_ENVIRON 1
#define HAVE_PUTENV 1
#define HAVE_SETENV 1
#define HAVE_STRDUP 1
#define HAVE_SYS_TIME_SELECT 1
#define SIG_ATOMIC_T volatile sig_atomic_t
#define HAVE_GETCWD 1
#define HAVE_GETEGID 1
#define HAVE_GETEUID 1
#define HAVE_GETOPT 1
#define HAVE_GETTTYNAM 1
#define HAVE_LOCALECONV 1
#define HAVE_POLL 1
#define HAVE_PUTENV 1
#define HAVE_REMOVE 1
#define HAVE_SELECT 1
#define HAVE_SETBUF 1
#define HAVE_SETBUFFER 1
#define HAVE_SETENV 1
#define HAVE_SETFSUID 1
#define HAVE_SETVBUF 1
#define HAVE_SIGACTION 1
#define HAVE_SNPRINTF 1
#define HAVE_STRDUP 1
#define HAVE_STRSTR 1
#define HAVE_SYSCONF 1
#define HAVE_TCGETPGRP 1
#define HAVE_TIMES 1
#define HAVE_TSEARCH 1
#define HAVE_VSNPRINTF 1
#define HAVE_ISASCII 1
#define HAVE_NANOSLEEP 1
#define HAVE_TERMIO_H 1
#define HAVE_TERMIOS_H 1
#define HAVE_UNISTD_H 1
#define HAVE_SYS_IOCTL_H 1
#define HAVE_TCGETATTR 1
#define HAVE_VSSCANF 1
#define HAVE_UNISTD_H 1
#define HAVE_MKSTEMP 1
#define HAVE_SIZECHANGE 1
#define HAVE_WORKING_POLL 1
#define HAVE_VA_COPY 1
#define HAVE_UNISTD_H 1
#define HAVE_FORK 1
#define HAVE_VFORK 1
#define HAVE_WORKING_VFORK 1
#define HAVE_WORKING_FORK 1
#define USE_FOPEN_BIN_R 1
#define USE_OPENPTY_HEADER <pty.h>
#define USE_XTERM_PTY 1
#define HAVE_TYPEINFO 1
#define HAVE_IOSTREAM 1
#define IOSTREAM_NAMESPACE 1
#define SIZEOF_BOOL 1
#define CPP_HAS_STATIC_CAST 1
#define HAVE_SLK_COLOR 1
#define HAVE_PANEL_H 1
#define HAVE_LIBPANEL 1
#define HAVE_MENU_H 1
#define HAVE_LIBMENU 1
#define HAVE_FORM_H 1
#define HAVE_LIBFORM 1
#define NCURSES_PATHSEP ':'
#define NCURSES_VERSION_STRING "6.3.20211106"
#define NCURSES_OSPEED_COMPAT 1
#define HAVE_CURSES_DATA_BOOLNAMES 1


configure: exit 0
